#
# A fatal error has been detected by the Java Runtime Environment:
#
#  SIGSEGV (0xb) at pc=0x00007f4279fb626b, pid=14141, tid=0x00007f425381c700
#
# JRE version: OpenJDK Runtime Environment (8.0_76-b03) (build 1.8.0_76-release-b03)
# Java VM: OpenJDK 64-Bit Server VM (25.76-b03 mixed mode linux-amd64 compressed oops)
# Problematic frame:
# V  [libjvm.so+0x73b26b]  PhaseLive::compute(unsigned int)+0x31b
#
# Failed to write core dump. Core dumps have been disabled. To enable core dumping, try "ulimit -c unlimited" before starting Java again
#
# If you would like to submit a bug report, please visit:
#   http://bugreport.java.com/bugreport/crash.jsp
#

---------------  T H R E A D  ---------------

Current thread (0x00007f42740b3800):  JavaThread "C2 CompilerThread0" daemon [_thread_in_native, id=14151, stack(0x00007f425371c000,0x00007f425381d000)]

siginfo: si_signo: 11 (SIGSEGV), si_code: 1 (SEGV_MAPERR), si_addr: 0x00007b4244089f94

Registers:
RAX=0x00007f4244cb7d88, RBX=0x0000000000000010, RCX=0x0000000000000040, RDX=0x0000000000001000
RSP=0x00007f42538187d0, RBP=0x00007f4253818890, RSI=0x0000000000000004, RDI=0x0000000000000003
R8 =0x0000000000000010, R9 =0x00007f423883cca0, R10=0x0000000000000003, R11=0x00000000e3c00000
R12=0x00007b4244089f68, R13=0x00007f42445e87c0, R14=0x00007f4245474140, R15=0x00007f4253818980
RIP=0x00007f4279fb626b, EFLAGS=0x0000000000010287, CSGSFS=0x0000000000000033, ERR=0x0000000000000004
  TRAPNO=0x000000000000000e

Top of Stack: (sp=0x00007f42538187d0)
0x00007f42538187d0:   00007f42444a6780 0000000000219f08
0x00007f42538187e0:   00007f4244449f58 00007f4244447620
0x00007f42538187f0:   00007f42740b4100 00007f4244441f70
0x00007f4253818800:   00007f427a714770 00007f4253818840
0x00007f4253818810:   000001af53818890 0000000000000010
0x00007f4253818820:   00007f423883cca0 00007f4200000007
0x00007f4253818830:   0000000000000f87 00007f423883cca0
0x00007f4253818840:   00007f427a6fdf70 00007f42740b4100
0x00007f4253818850:   00007f4200000020 00007f4244142ed0
0x00007f4253818860:   00007f4200000000 00007f4253818910
0x00007f4253818870:   00007f427a7349c0 00007f42453c35d0
0x00007f4253818880:   00007f4253818980 00007f4253818b80
0x00007f4253818890:   00007f4253818ad0 00007f4279c5a5a6
0x00007f42538188a0:   00007f42538189b0 00007f4279f8fccc
0x00007f42538188b0:   00007f42538188e0 00007f4253818940
0x00007f42538188c0:   00000000000003d8 00007f42453c39b8
0x00007f42538188d0:   00007f42453c35e0 00007f42538189e0
0x00007f42538188e0:   0000000000000002 00007f4238209360
0x00007f42538188f0:   00007f4238209360 00007f4238209370
0x00007f4253818900:   00007f4238209748 00000000000003d8
0x00007f4253818910:   00007f4200000002 00007f42453c35d0
0x00007f4253818920:   00007f4245394d20 00007f4245398030
0x00007f4253818930:   00007f424539cd08 000000000028d618
0x00007f4253818940:   00007f420000000c 00007f425381af90
0x00007f4253818950:   00007f424520cee0 00007f4279b46800
0x00007f4253818960:   00007f42453dff80 00007f420000111b
0x00007f4253818970:   00007f4253818910 00007f42453c35e0
0x00007f4253818980:   000000000000000a 00007f425381af90
0x00007f4253818990:   00007f424573fe40 00007f424544f2a0
0x00007f42538189a0:   00007f4238633060 00007f42386372f0
0x00007f42538189b0:   00007f4238416aa0 00007f4253818af0
0x00007f42538189c0:   00007f4253818c90 00007f420000111b 

Instructions: (pc=0x00007f4279fb626b)
0x00007f4279fb624b:   89 d6 0f 1f 00 41 8b 4d 18 44 8d 56 ff 45 31 e4
0x00007f4279fb625b:   41 39 ca 73 0b 49 8b 45 20 44 89 d7 4c 8b 24 f8
0x00007f4279fb626b:   41 0f b7 44 24 2c 83 e0 0f 66 83 f8 0c 0f 84 87
0x00007f4279fb627b:   01 00 00 49 8b 47 40 49 63 4c 24 28 48 8b 40 18 

Register to memory mapping:

RAX=0x00007f4244cb7d88 is an unknown value
RBX=0x0000000000000010 is an unknown value
RCX=0x0000000000000040 is an unknown value
RDX=0x0000000000001000 is an unknown value
RSP=0x00007f42538187d0 is pointing into the stack for thread: 0x00007f42740b3800
RBP=0x00007f4253818890 is pointing into the stack for thread: 0x00007f42740b3800
RSI=0x0000000000000004 is an unknown value
RDI=0x0000000000000003 is an unknown value
R8 =0x0000000000000010 is an unknown value
R9 =0x00007f423883cca0 is an unknown value
R10=0x0000000000000003 is an unknown value
R11=0x00000000e3c00000 is an oop

[error occurred during error reporting (printing register info), id 0xb]

Stack: [0x00007f425371c000,0x00007f425381d000],  sp=0x00007f42538187d0,  free space=1009k
Native frames: (J=compiled Java code, j=interpreted, Vv=VM code, C=native code)
V  [libjvm.so+0x73b26b]  PhaseLive::compute(unsigned int)+0x31b
V  [libjvm.so+0x3df5a6]  PhaseChaitin::Register_Allocate()+0x876
V  [libjvm.so+0x4640f8]  Compile::Code_Gen()+0x258
V  [libjvm.so+0x4653ee]  Compile::Compile(ciEnv*, C2Compiler*, ciMethod*, int, bool, bool, bool)+0x113e
V  [libjvm.so+0x3c3338]  C2Compiler::compile_method(ciEnv*, ciMethod*, int)+0x1a8
V  [libjvm.so+0x46d832]  CompileBroker::invoke_compiler_on_method(CompileTask*)+0x8b2
V  [libjvm.so+0x46e6e8]  CompileBroker::compiler_thread_loop()+0x4e8
V  [libjvm.so+0x986ec0]  JavaThread::thread_main_inner()+0xf0
V  [libjvm.so+0x8425b2]  java_start(Thread*)+0xf2
C  [libpthread.so.0+0x8184]  start_thread+0xc4


Current CompileTask:
C2: 126185 7031   !   4       com.sun.org.apache.xerces.internal.impl.XMLDocumentFragmentScannerImpl$FragmentContentDriver::next (2323 bytes)


---------------  P R O C E S S  ---------------

Java Threads: ( => current thread )
  0x000000000145a000 JavaThread "Stdin handler" [_thread_blocked, id=14251, stack(0x00007f4251d0f000,0x00007f4251e10000)]
  0x00007f4228017800 JavaThread "Daemon worker Thread 2" [_thread_in_native, id=14249, stack(0x00007f4252118000,0x00007f4252219000)]
  0x00007f4228005800 JavaThread "Cancel handler" [_thread_blocked, id=14248, stack(0x00007f4252219000,0x00007f425231a000)]
  0x00007f4228009800 JavaThread "Handler for socket connection from /127.0.0.1:34694 to /127.0.0.1:33470" [_thread_in_native, id=14247, stack(0x00007f4252017000,0x00007f4252118000)]
  0x00007f4234034800 JavaThread "Daemon Thread 2" [_thread_blocked, id=14246, stack(0x00007f425231a000,0x00007f425241b000)]
  0x0000000000d0f000 JavaThread "File lock request listener" [_thread_in_native, id=14164, stack(0x00007f4251796000,0x00007f4251897000)]
  0x00007f4274a65000 JavaThread "Incoming local TCP Connector on port 34694" [_thread_in_native, id=14156, stack(0x00007f425241b000,0x00007f425251c000)]
  0x00007f42740b9800 JavaThread "Service Thread" daemon [_thread_blocked, id=14153, stack(0x00007f425351a000,0x00007f425361b000)]
  0x00007f42740b6800 JavaThread "C1 CompilerThread1" daemon [_thread_blocked, id=14152, stack(0x00007f425361b000,0x00007f425371c000)]
=>0x00007f42740b3800 JavaThread "C2 CompilerThread0" daemon [_thread_in_native, id=14151, stack(0x00007f425371c000,0x00007f425381d000)]
  0x00007f42740b2000 JavaThread "Signal Dispatcher" daemon [_thread_blocked, id=14150, stack(0x00007f425381d000,0x00007f425391e000)]
  0x00007f427407f800 JavaThread "Finalizer" daemon [_thread_blocked, id=14149, stack(0x00007f4260020000,0x00007f4260121000)]
  0x00007f427407b000 JavaThread "Reference Handler" daemon [_thread_blocked, id=14148, stack(0x00007f4260121000,0x00007f4260222000)]
  0x00007f427400a000 JavaThread "main" [_thread_blocked, id=14143, stack(0x00007f427b263000,0x00007f427b364000)]

Other Threads:
  0x00007f4274073800 VMThread [stack: 0x00007f4260222000,0x00007f4260323000] [id=14147]
  0x00007f42740bb800 WatcherThread [stack: 0x00007f4253419000,0x00007f425351a000] [id=14154]

VM state:not at safepoint (normal execution)

VM Mutex/Monitor currently owned by a thread: None

Heap:
 PSYoungGen      total 326656K, used 60952K [0x00000000e0000000, 0x00000000f5980000, 0x0000000100000000)
  eden space 317440K, 16% used [0x00000000e0000000,0x00000000e32de278,0x00000000f3600000)
  from space 9216K, 96% used [0x00000000f5080000,0x00000000f59280a8,0x00000000f5980000)
  to   space 17408K, 0% used [0x00000000f3780000,0x00000000f3780000,0x00000000f4880000)
 ParOldGen       total 139776K, used 25901K [0x00000000a0000000, 0x00000000a8880000, 0x00000000e0000000)
  object space 139776K, 18% used [0x00000000a0000000,0x00000000a194b400,0x00000000a8880000)
 Metaspace       used 46237K, capacity 47589K, committed 47704K, reserved 1091584K
  class space    used 5887K, capacity 6177K, committed 6272K, reserved 1048576K

Card table byte_map: [0x00007f4264cff000,0x00007f4265000000] byte_map_base: 0x00007f42647ff000

Marking Bits: (ParMarkBitMap*) 0x00007f427a73e1a0
 Begin Bits: [0x00007f42619fe000, 0x00007f42631fe000)
 End Bits:   [0x00007f42631fe000, 0x00007f42649fe000)

Polling page: 0x00007f427b388000

CodeCache: size=245760Kb used=18981Kb max_used=18988Kb free=226778Kb
 bounds [0x00007f4265000000, 0x00007f42662a0000, 0x00007f4274000000]
 total_blobs=6911 nmethods=6184 adapters=641
 compilation: enabled

Compilation events (10 events):
Event: 126.021 Thread 0x00007f42740b6800 7026       3       com.sun.org.apache.xerces.internal.impl.XMLDocumentScannerImpl::setProperty (84 bytes)
Event: 126.022 Thread 0x00007f42740b6800 nmethod 7026 0x00007f426628a1d0 code [0x00007f426628a3e0, 0x00007f426628b218]
Event: 126.022 Thread 0x00007f42740b6800 7028       3       com.sun.org.apache.xerces.internal.impl.XMLDocumentFragmentScannerImpl$FragmentContentDriver::startOfMarkup (254 bytes)
Event: 126.023 Thread 0x00007f42740b6800 nmethod 7028 0x00007f4266298850 code [0x00007f4266298b40, 0x00007f4266299e28]
Event: 126.023 Thread 0x00007f42740b6800 7032       3       com.sun.org.apache.xerces.internal.parsers.XIncludeAwareParserConfiguration::<init> (112 bytes)
Event: 126.024 Thread 0x00007f42740b6800 nmethod 7032 0x00007f426629a750 code [0x00007f426629aa20, 0x00007f426629c0d8]
Event: 126.024 Thread 0x00007f42740b6800 7033       3       com.sun.org.apache.xerces.internal.impl.dtd.XMLDTDProcessor::<init> (54 bytes)
Event: 126.025 Thread 0x00007f42740b6800 nmethod 7033 0x00007f4266284050 code [0x00007f4266284240, 0x00007f4266284ab0]
Event: 126.038 Thread 0x00007f42740b3800 nmethod 7029 0x00007f426629ddd0 code [0x00007f426629e100, 0x00007f426629ec00]
Event: 126.038 Thread 0x00007f42740b3800 7031   !   4       com.sun.org.apache.xerces.internal.impl.XMLDocumentFragmentScannerImpl$FragmentContentDriver::next (2323 bytes)

GC Heap History (10 events):
Event: 11.100 GC heap before
{Heap before GC invocations=9 (full 1):
 PSYoungGen      total 170496K, used 50217K [0x00000000e0000000, 0x00000000f0680000, 0x0000000100000000)
  eden space 156160K, 22% used [0x00000000e0000000,0x00000000e230c898,0x00000000e9880000)
  from space 14336K, 99% used [0x00000000e9880000,0x00000000ea67ded8,0x00000000ea680000)
  to   space 17408K, 0% used [0x00000000ef580000,0x00000000ef580000,0x00000000f0680000)
 ParOldGen       total 99840K, used 7100K [0x00000000a0000000, 0x00000000a6180000, 0x00000000e0000000)
  object space 99840K, 7% used [0x00000000a0000000,0x00000000a06ef000,0x00000000a6180000)
 Metaspace       used 34447K, capacity 35337K, committed 35416K, reserved 1079296K
  class space    used 4467K, capacity 4736K, committed 4736K, reserved 1048576K
Event: 11.123 GC heap after
Heap after GC invocations=9 (full 1):
 PSYoungGen      total 251392K, used 9643K [0x00000000e0000000, 0x00000000f1f80000, 0x0000000100000000)
  eden space 233984K, 0% used [0x00000000e0000000,0x00000000e0000000,0x00000000ee480000)
  from space 17408K, 55% used [0x00000000ef580000,0x00000000efeeae38,0x00000000f0680000)
  to   space 17408K, 0% used [0x00000000ee480000,0x00000000ee480000,0x00000000ef580000)
 ParOldGen       total 99840K, used 7556K [0x00000000a0000000, 0x00000000a6180000, 0x00000000e0000000)
  object space 99840K, 7% used [0x00000000a0000000,0x00000000a0761070,0x00000000a6180000)
 Metaspace       used 34447K, capacity 35337K, committed 35416K, reserved 1079296K
  class space    used 4467K, capacity 4736K, committed 4736K, reserved 1048576K
}
Event: 11.123 GC heap before
{Heap before GC invocations=10 (full 2):
 PSYoungGen      total 251392K, used 9643K [0x00000000e0000000, 0x00000000f1f80000, 0x0000000100000000)
  eden space 233984K, 0% used [0x00000000e0000000,0x00000000e0000000,0x00000000ee480000)
  from space 17408K, 55% used [0x00000000ef580000,0x00000000efeeae38,0x00000000f0680000)
  to   space 17408K, 0% used [0x00000000ee480000,0x00000000ee480000,0x00000000ef580000)
 ParOldGen       total 99840K, used 7556K [0x00000000a0000000, 0x00000000a6180000, 0x00000000e0000000)
  object space 99840K, 7% used [0x00000000a0000000,0x00000000a0761070,0x00000000a6180000)
 Metaspace       used 34447K, capacity 35337K, committed 35416K, reserved 1079296K
  class space    used 4467K, capacity 4736K, committed 4736K, reserved 1048576K
Event: 11.218 GC heap after
Heap after GC invocations=10 (full 2):
 PSYoungGen      total 251392K, used 0K [0x00000000e0000000, 0x00000000f1f80000, 0x0000000100000000)
  eden space 233984K, 0% used [0x00000000e0000000,0x00000000e0000000,0x00000000ee480000)
  from space 17408K, 0% used [0x00000000ef580000,0x00000000ef580000,0x00000000f0680000)
  to   space 17408K, 0% used [0x00000000ee480000,0x00000000ee480000,0x00000000ef580000)
 ParOldGen       total 139776K, used 16292K [0x00000000a0000000, 0x00000000a8880000, 0x00000000e0000000)
  object space 139776K, 11% used [0x00000000a0000000,0x00000000a0fe9388,0x00000000a8880000)
 Metaspace       used 34357K, capacity 35153K, committed 35416K, reserved 1079296K
  class space    used 4440K, capacity 4676K, committed 4736K, reserved 1048576K
}
Event: 12.786 GC heap before
{Heap before GC invocations=11 (full 2):
 PSYoungGen      total 251392K, used 109548K [0x00000000e0000000, 0x00000000f1f80000, 0x0000000100000000)
  eden space 233984K, 46% used [0x00000000e0000000,0x00000000e6afb270,0x00000000ee480000)
  from space 17408K, 0% used [0x00000000ef580000,0x00000000ef580000,0x00000000f0680000)
  to   space 17408K, 0% used [0x00000000ee480000,0x00000000ee480000,0x00000000ef580000)
 ParOldGen       total 139776K, used 16292K [0x00000000a0000000, 0x00000000a8880000, 0x00000000e0000000)
  object space 139776K, 11% used [0x00000000a0000000,0x00000000a0fe9388,0x00000000a8880000)
 Metaspace       used 41730K, capacity 42721K, committed 42840K, reserved 1087488K
  class space    used 5411K, capacity 5687K, committed 5760K, reserved 1048576K
Event: 12.804 GC heap after
Heap after GC invocations=11 (full 2):
 PSYoungGen      total 251392K, used 12017K [0x00000000e0000000, 0x00000000f6200000, 0x0000000100000000)
  eden space 233984K, 0% used [0x00000000e0000000,0x00000000e0000000,0x00000000ee480000)
  from space 17408K, 69% used [0x00000000ee480000,0x00000000ef03c658,0x00000000ef580000)
  to   space 17920K, 0% used [0x00000000f5080000,0x00000000f5080000,0x00000000f6200000)
 ParOldGen       total 139776K, used 16300K [0x00000000a0000000, 0x00000000a8880000, 0x00000000e0000000)
  object space 139776K, 11% used [0x00000000a0000000,0x00000000a0feb388,0x00000000a8880000)
 Metaspace       used 41730K, capacity 42721K, committed 42840K, reserved 1087488K
  class space    used 5411K, capacity 5687K, committed 5760K, reserved 1048576K
}
Event: 12.804 GC heap before
{Heap before GC invocations=12 (full 3):
 PSYoungGen      total 251392K, used 12017K [0x00000000e0000000, 0x00000000f6200000, 0x0000000100000000)
  eden space 233984K, 0% used [0x00000000e0000000,0x00000000e0000000,0x00000000ee480000)
  from space 17408K, 69% used [0x00000000ee480000,0x00000000ef03c658,0x00000000ef580000)
  to   space 17920K, 0% used [0x00000000f5080000,0x00000000f5080000,0x00000000f6200000)
 ParOldGen       total 139776K, used 16300K [0x00000000a0000000, 0x00000000a8880000, 0x00000000e0000000)
  object space 139776K, 11% used [0x00000000a0000000,0x00000000a0feb388,0x00000000a8880000)
 Metaspace       used 41730K, capacity 42721K, committed 42840K, reserved 1087488K
  class space    used 5411K, capacity 5687K, committed 5760K, reserved 1048576K
Event: 13.006 GC heap after
Heap after GC invocations=12 (full 3):
 PSYoungGen      total 251392K, used 0K [0x00000000e0000000, 0x00000000f6200000, 0x0000000100000000)
  eden space 233984K, 0% used [0x00000000e0000000,0x00000000e0000000,0x00000000ee480000)
  from space 17408K, 0% used [0x00000000ee480000,0x00000000ee480000,0x00000000ef580000)
  to   space 17920K, 0% used [0x00000000f5080000,0x00000000f5080000,0x00000000f6200000)
 ParOldGen       total 139776K, used 25901K [0x00000000a0000000, 0x00000000a8880000, 0x00000000e0000000)
  object space 139776K, 18% used [0x00000000a0000000,0x00000000a194b400,0x00000000a8880000)
 Metaspace       used 41730K, capacity 42721K, committed 42840K, reserved 1087488K
  class space    used 5411K, capacity 5687K, committed 5760K, reserved 1048576K
}
Event: 88.465 GC heap before
{Heap before GC invocations=13 (full 3):
 PSYoungGen      total 251392K, used 233984K [0x00000000e0000000, 0x00000000f6200000, 0x0000000100000000)
  eden space 233984K, 100% used [0x00000000e0000000,0x00000000ee480000,0x00000000ee480000)
  from space 17408K, 0% used [0x00000000ee480000,0x00000000ee480000,0x00000000ef580000)
  to   space 17920K, 0% used [0x00000000f5080000,0x00000000f5080000,0x00000000f6200000)
 ParOldGen       total 139776K, used 25901K [0x00000000a0000000, 0x00000000a8880000, 0x00000000e0000000)
  object space 139776K, 18% used [0x00000000a0000000,0x00000000a194b400,0x00000000a8880000)
 Metaspace       used 43835K, capacity 45123K, committed 45272K, reserved 1089536K
  class space    used 5597K, capacity 5839K, committed 5888K, reserved 1048576K
Event: 88.476 GC heap after
Heap after GC invocations=13 (full 3):
 PSYoungGen      total 326656K, used 8864K [0x00000000e0000000, 0x00000000f5980000, 0x0000000100000000)
  eden space 317440K, 0% used [0x00000000e0000000,0x00000000e0000000,0x00000000f3600000)
  from space 9216K, 96% used [0x00000000f5080000,0x00000000f59280a8,0x00000000f5980000)
  to   space 17408K, 0% used [0x00000000f3780000,0x00000000f3780000,0x00000000f4880000)
 ParOldGen       total 139776K, used 25901K [0x00000000a0000000, 0x00000000a8880000, 0x00000000e0000000)
  object space 139776K, 18% used [0x00000000a0000000,0x00000000a194b400,0x00000000a8880000)
 Metaspace       used 43835K, capacity 45123K, committed 45272K, reserved 1089536K
  class space    used 5597K, capacity 5839K, committed 5888K, reserved 1048576K
}

Deoptimization events (10 events):
Event: 95.609 Thread 0x00007f4228017800 Uncommon trap: reason=unstable_if action=reinterpret pc=0x00007f4265e8abec method=java.net.URI$Parser.scan(IILjava/lang/String;Ljava/lang/String;)I @ 23
Event: 99.272 Thread 0x00007f4228017800 Uncommon trap: reason=bimorphic action=maybe_recompile pc=0x00007f4265e04b38 method=java.lang.StringCoding$StringDecoder.charsetName()Ljava/lang/String; @ 17
Event: 99.272 Thread 0x00007f4228017800 Uncommon trap: reason=class_check action=maybe_recompile pc=0x00007f4265ac535c method=java.lang.StringCoding$StringDecoder.decode([BII)[C @ 30
Event: 100.034 Thread 0x00007f4228017800 Uncommon trap: reason=class_check action=maybe_recompile pc=0x00007f4265ff21c8 method=java.util.AbstractList$Itr.next()Ljava/lang/Object; @ 14
Event: 101.701 Thread 0x00007f4228017800 Uncommon trap: reason=predicate action=maybe_recompile pc=0x00007f4266171f10 method=java.util.AbstractCollection.toArray([Ljava/lang/Object;)[Ljava/lang/Object; @ 49
Event: 102.486 Thread 0x00007f4228017800 Uncommon trap: reason=predicate action=maybe_recompile pc=0x00007f4266176244 method=java.util.regex.Pattern$SliceI.match(Ljava/util/regex/Matcher;ILjava/lang/CharSequence;)Z @ 21
Event: 105.634 Thread 0x00007f4228017800 Uncommon trap: reason=array_check action=maybe_recompile pc=0x00007f426618b3b4 method=java.util.AbstractCollection.toArray([Ljava/lang/Object;)[Ljava/lang/Object; @ 119
Event: 109.030 Thread 0x00007f4228017800 Uncommon trap: reason=array_check action=maybe_recompile pc=0x00007f426618b3b4 method=java.util.AbstractCollection.toArray([Ljava/lang/Object;)[Ljava/lang/Object; @ 119
Event: 109.031 Thread 0x00007f4228017800 Uncommon trap: reason=array_check action=maybe_recompile pc=0x00007f426618b3b4 method=java.util.AbstractCollection.toArray([Ljava/lang/Object;)[Ljava/lang/Object; @ 119
Event: 109.031 Thread 0x00007f4228017800 Uncommon trap: reason=array_check action=maybe_recompile pc=0x00007f426618b3b4 method=java.util.AbstractCollection.toArray([Ljava/lang/Object;)[Ljava/lang/Object; @ 119

Internal exceptions (10 events):
Event: 120.018 Thread 0x00007f4228017800 Exception <a 'java/net/SocketTimeoutException': Read timed out> (0x00000000e29ed1f8) thrown at [/ssd/Android/AOSP-openjdk/external/jetbrains/jdk/hotspot/src/share/vm/prims/jni.cpp, line 735]
Event: 121.936 Thread 0x00007f4228017800 Exception <a 'java/net/SocketTimeoutException': Read timed out> (0x00000000e2a5f288) thrown at [/ssd/Android/AOSP-openjdk/external/jetbrains/jdk/hotspot/src/share/vm/prims/jni.cpp, line 735]
Event: 122.221 Thread 0x00007f4228017800 Exception <a 'java/net/SocketTimeoutException': Read timed out> (0x00000000e2a630a0) thrown at [/ssd/Android/AOSP-openjdk/external/jetbrains/jdk/hotspot/src/share/vm/prims/jni.cpp, line 735]
Event: 124.044 Thread 0x00007f4228017800 Exception <a 'java/net/SocketTimeoutException': Read timed out> (0x00000000e2aeca18) thrown at [/ssd/Android/AOSP-openjdk/external/jetbrains/jdk/hotspot/src/share/vm/prims/jni.cpp, line 735]
Event: 124.291 Thread 0x00007f4228017800 Exception <a 'java/net/SocketTimeoutException': Read timed out> (0x00000000e2b579c8) thrown at [/ssd/Android/AOSP-openjdk/external/jetbrains/jdk/hotspot/src/share/vm/prims/jni.cpp, line 735]
Event: 124.589 Thread 0x00007f4228017800 Exception <a 'java/net/SocketTimeoutException': Read timed out> (0x00000000e2c0e030) thrown at [/ssd/Android/AOSP-openjdk/external/jetbrains/jdk/hotspot/src/share/vm/prims/jni.cpp, line 735]
Event: 124.896 Thread 0x00007f4228017800 Exception <a 'java/net/SocketTimeoutException': Read timed out> (0x00000000e2cc2508) thrown at [/ssd/Android/AOSP-openjdk/external/jetbrains/jdk/hotspot/src/share/vm/prims/jni.cpp, line 735]
Event: 125.185 Thread 0x00007f4228017800 Exception <a 'java/net/SocketTimeoutException': Read timed out> (0x00000000e2d831b0) thrown at [/ssd/Android/AOSP-openjdk/external/jetbrains/jdk/hotspot/src/share/vm/prims/jni.cpp, line 735]
Event: 125.464 Thread 0x00007f4228017800 Exception <a 'java/net/SocketTimeoutException': Read timed out> (0x00000000e2dfca10) thrown at [/ssd/Android/AOSP-openjdk/external/jetbrains/jdk/hotspot/src/share/vm/prims/jni.cpp, line 735]
Event: 126.014 Thread 0x00007f4228017800 Exception <a 'java/net/SocketTimeoutException': Read timed out> (0x00000000e303ed28) thrown at [/ssd/Android/AOSP-openjdk/external/jetbrains/jdk/hotspot/src/share/vm/prims/jni.cpp, line 735]

Events (10 events):
Event: 111.095 Thread 0x00007f4228017800 DEOPT PACKING pc=0x00007f4265a7e1e1 sp=0x00007f4252212160
Event: 111.095 Thread 0x00007f4228017800 DEOPT UNPACKING pc=0x00007f4265046f73 sp=0x00007f4252211ea8 mode 0
Event: 111.106 Thread 0x00007f4228017800 DEOPT PACKING pc=0x00007f4266100238 sp=0x00007f42522125c0
Event: 111.106 Thread 0x00007f4228017800 DEOPT UNPACKING pc=0x00007f4265046f73 sp=0x00007f4252212338 mode 0
Event: 120.305 Thread 0x00007f4228017800 DEOPT PACKING pc=0x00007f4266189364 sp=0x00007f4252211d00
Event: 120.305 Thread 0x00007f4228017800 DEOPT UNPACKING pc=0x00007f4265046f73 sp=0x00007f4252211a58 mode 0
Event: 121.428 Thread 0x00007f4228017800 DEOPT PACKING pc=0x00007f4265e63dbe sp=0x00007f4252212790
Event: 121.428 Thread 0x00007f4228017800 DEOPT UNPACKING pc=0x00007f4265046f73 sp=0x00007f4252212550 mode 0
Event: 126.007 Thread 0x00007f4228017800 DEOPT PACKING pc=0x00007f4265e611c6 sp=0x00007f4252212aa0
Event: 126.007 Thread 0x00007f4228017800 DEOPT UNPACKING pc=0x00007f4265046f73 sp=0x00007f4252212840 mode 0


Dynamic libraries:
00400000-00401000 r-xp 00000000 08:01 3408919                            /home/webwerks1/Downloads/android-studio/jre/bin/java
00600000-00601000 r--p 00000000 08:01 3408919                            /home/webwerks1/Downloads/android-studio/jre/bin/java
00601000-00602000 rw-p 00001000 08:01 3408919                            /home/webwerks1/Downloads/android-studio/jre/bin/java
0084a000-01a8b000 rw-p 00000000 00:00 0                                  [heap]
a0000000-a8880000 rw-p 00000000 00:00 0 
a8880000-e0000000 ---p 00000000 00:00 0 
e0000000-f5980000 rw-p 00000000 00:00 0 
f5980000-100000000 ---p 00000000 00:00 0 
100000000-100620000 rw-p 00000000 00:00 0 
100620000-140000000 ---p 00000000 00:00 0 
7f4220000000-7f4220021000 rw-p 00000000 00:00 0 
7f4220021000-7f4224000000 ---p 00000000 00:00 0 
7f4226d8f000-7f4226e0f000 rw-p 00000000 00:00 0 
7f4226e0f000-7f4226f8f000 ---p 00000000 00:00 0 
7f4226f8f000-7f4226fa6000 r-xp 00000000 08:01 8912922                    /lib/x86_64-linux-gnu/libresolv-2.19.so
7f4226fa6000-7f42271a6000 ---p 00017000 08:01 8912922                    /lib/x86_64-linux-gnu/libresolv-2.19.so
7f42271a6000-7f42271a7000 r--p 00017000 08:01 8912922                    /lib/x86_64-linux-gnu/libresolv-2.19.so
7f42271a7000-7f42271a8000 rw-p 00018000 08:01 8912922                    /lib/x86_64-linux-gnu/libresolv-2.19.so
7f42271a8000-7f42271aa000 rw-p 00000000 00:00 0 
7f42271aa000-7f42271af000 r-xp 00000000 08:01 8912996                    /lib/x86_64-linux-gnu/libnss_dns-2.19.so
7f42271af000-7f42273ae000 ---p 00005000 08:01 8912996                    /lib/x86_64-linux-gnu/libnss_dns-2.19.so
7f42273ae000-7f42273af000 r--p 00004000 08:01 8912996                    /lib/x86_64-linux-gnu/libnss_dns-2.19.so
7f42273af000-7f42273b0000 rw-p 00005000 08:01 8912996                    /lib/x86_64-linux-gnu/libnss_dns-2.19.so
7f42273b0000-7f42273b2000 r-xp 00000000 08:01 8917175                    /lib/x86_64-linux-gnu/libnss_mdns4_minimal.so.2
7f42273b2000-7f42275b1000 ---p 00002000 08:01 8917175                    /lib/x86_64-linux-gnu/libnss_mdns4_minimal.so.2
7f42275b1000-7f42275b2000 r--p 00001000 08:01 8917175                    /lib/x86_64-linux-gnu/libnss_mdns4_minimal.so.2
7f42275b2000-7f42275b3000 rw-p 00002000 08:01 8917175                    /lib/x86_64-linux-gnu/libnss_mdns4_minimal.so.2
7f42275b3000-7f42275e9000 r-xp 00000000 08:01 3409002                    /home/webwerks1/Downloads/android-studio/jre/jre/lib/amd64/libsunec.so
7f42275e9000-7f42277e8000 ---p 00036000 08:01 3409002                    /home/webwerks1/Downloads/android-studio/jre/jre/lib/amd64/libsunec.so
7f42277e8000-7f42277ed000 r--p 00035000 08:01 3409002                    /home/webwerks1/Downloads/android-studio/jre/jre/lib/amd64/libsunec.so
7f42277ed000-7f42277ef000 rw-p 0003a000 08:01 3409002                    /home/webwerks1/Downloads/android-studio/jre/jre/lib/amd64/libsunec.so
7f42277ef000-7f4227a00000 rw-p 00000000 00:00 0 
7f4227a00000-7f4227c00000 rw-p 00000000 00:00 0 
7f4227c00000-7f4227e00000 rw-p 00000000 00:00 0 
7f4227e00000-7f4228000000 rw-p 00000000 00:00 0 
7f4228000000-7f4228022000 rw-p 00000000 00:00 0 
7f4228022000-7f422c000000 ---p 00000000 00:00 0 
7f422c000000-7f422c021000 rw-p 00000000 00:00 0 
7f422c021000-7f4230000000 ---p 00000000 00:00 0 
7f4230000000-7f4230021000 rw-p 00000000 00:00 0 
7f4230021000-7f4234000000 ---p 00000000 00:00 0 
7f4234000000-7f423406e000 rw-p 00000000 00:00 0 
7f423406e000-7f4238000000 ---p 00000000 00:00 0 
7f4238000000-7f4238c85000 rw-p 00000000 00:00 0 
7f4238c85000-7f423c000000 ---p 00000000 00:00 0 
7f423c000000-7f423c021000 rw-p 00000000 00:00 0 
7f423c021000-7f4240000000 ---p 00000000 00:00 0 
7f4240000000-7f4240021000 rw-p 00000000 00:00 0 
7f4240021000-7f4244000000 ---p 00000000 00:00 0 
7f4244000000-7f4245e29000 rw-p 00000000 00:00 0 
7f4245e29000-7f4248000000 ---p 00000000 00:00 0 
7f4248000000-7f4248021000 rw-p 00000000 00:00 0 
7f4248021000-7f424c000000 ---p 00000000 00:00 0 
7f424c000000-7f424c021000 rw-p 00000000 00:00 0 
7f424c021000-7f4250000000 ---p 00000000 00:00 0 
7f425009d000-7f425009f000 rw-p 00000000 00:00 0 
7f425009f000-7f42500a5000 r--s 0003a000 08:01 3408965                    /home/webwerks1/Downloads/android-studio/jre/jre/lib/ext/sunjce_provider.jar
7f42500a5000-7f42500a6000 r--s 00008000 08:01 3408969                    /home/webwerks1/Downloads/android-studio/jre/jre/lib/ext/sunec.jar
7f42500a6000-7f42500aa000 r--s 00037000 08:01 3408967                    /home/webwerks1/Downloads/android-studio/jre/jre/lib/ext/sunpkcs11.jar
7f42500aa000-7f42500ad000 r--s 00015000 08:01 3409042                    /home/webwerks1/Downloads/android-studio/jre/jre/lib/jce.jar
7f42500ad000-7f42500c0000 r--s 00344000 08:01 3408942                    /home/webwerks1/Downloads/android-studio/jre/jre/lib/resources.jar
7f42500c0000-7f42502c0000 rw-p 00000000 00:00 0 
7f42502c0000-7f42504b6000 rw-p 00000000 00:00 0 
7f42504b6000-7f42504c0000 ---p 00000000 00:00 0 
7f42504c0000-7f42504c9000 r-xp 00000000 08:01 3409020                    /home/webwerks1/Downloads/android-studio/jre/jre/lib/amd64/libmanagement.so
7f42504c9000-7f42506c8000 ---p 00009000 08:01 3409020                    /home/webwerks1/Downloads/android-studio/jre/jre/lib/amd64/libmanagement.so
7f42506c8000-7f42506c9000 r--p 00008000 08:01 3409020                    /home/webwerks1/Downloads/android-studio/jre/jre/lib/amd64/libmanagement.so
7f42506c9000-7f42506ca000 rw-p 00009000 08:01 3409020                    /home/webwerks1/Downloads/android-studio/jre/jre/lib/amd64/libmanagement.so
7f42506ca000-7f42506cc000 r--s 00005000 08:01 3670047                    /home/webwerks1/Downloads/android-studio/gradle/m2repository/org/abego/treelayout/org.abego.treelayout.core/1.0.1/org.abego.treelayout.core-1.0.1.jar
7f42506cc000-7f42506d4000 r--s 000a8000 08:01 3670453                    /home/webwerks1/Downloads/android-studio/gradle/m2repository/com/android/tools/external/lombok/lombok-ast/0.2.3/lombok-ast-0.2.3.jar
7f42506d4000-7f42506d6000 r--s 0000d000 08:01 3670648                    /home/webwerks1/Downloads/android-studio/gradle/m2repository/commons-codec/commons-codec/1.4/commons-codec-1.4.jar
7f42506d6000-7f42506d8000 r--s 0000d000 08:01 3543669                    /home/webwerks1/Downloads/android-studio/gradle/m2repository/commons-logging/commons-logging/1.1.1/commons-logging-1.1.1.jar
7f42506d8000-7f42506dd000 r--s 00028000 08:01 3543894                    /home/webwerks1/Downloads/android-studio/gradle/m2repository/org/apache/httpcomponents/httpcore/4.1/httpcore-4.1.jar
7f42506dd000-7f42506de000 r--s 00004000 08:01 3670075                    /home/webwerks1/Downloads/android-studio/gradle/m2repository/com/intellij/annotations/12.0/annotations-12.0.jar
7f42506de000-7f42506df000 r--s 00002000 08:01 3670063                    /home/webwerks1/Downloads/android-studio/gradle/m2repository/com/tunnelvisionlabs/antlr4-annotations/4.5/antlr4-annotations-4.5.jar
7f42506df000-7f42506e6000 r--s 00062000 08:01 3670058                    /home/webwerks1/Downloads/android-studio/gradle/m2repository/com/tunnelvisionlabs/antlr4-runtime/4.5/antlr4-runtime-4.5.jar
7f42506e6000-7f42506e7000 r--s 00004000 08:01 3543710                    /home/webwerks1/Downloads/android-studio/gradle/m2repository/org/ow2/asm/asm-analysis/5.0.3/asm-analysis-5.0.3.jar
7f42506e7000-7f42506ea000 r--s 00030000 08:01 12591362                   /home/webwerks1/.gradle/caches/modules-2/files-2.1/com.android.tools.lint/lint-api/25.1.2/f9f6807b68d486eaf34cc3f08b6f098f89cf3db8/lint-api-25.1.2.jar
7f42506ea000-7f42506eb000 r--s 0000a000 08:01 3670610                    /home/webwerks1/Downloads/android-studio/gradle/m2repository/net/sf/kxml/kxml2/2.3.0/kxml2-2.3.0.jar
7f42506eb000-7f42506ed000 r--s 00005000 08:01 3543885                    /home/webwerks1/Downloads/android-studio/gradle/m2repository/org/apache/httpcomponents/httpmime/4.1/httpmime-4.1.jar
7f42506ed000-7f42506f5000 r--s 0004e000 08:01 3543905                    /home/webwerks1/Downloads/android-studio/gradle/m2repository/org/apache/httpcomponents/httpclient/4.1.1/httpclient-4.1.1.jar
7f42506f5000-7f42506fc000 r--s 00053000 08:01 3670022                    /home/webwerks1/Downloads/android-studio/gradle/m2repository/org/apache/commons/commons-compress/1.8.1/commons-compress-1.8.1.jar
7f42506fc000-7f4250701000 r--s 0002a000 08:01 3670130                    /home/webwerks1/Downloads/android-studio/gradle/m2repository/com/google/code/gson/gson/2.2.4/gson-2.2.4.jar
7f4250701000-7f4250705000 r--s 00026000 08:01 12591361                   /home/webwerks1/.gradle/caches/modules-2/files-2.1/com.android.tools/repository/25.1.2/1a1f5f59b21a42817eec50b7aced4400bb72273b/repository-25.1.2.jar
7f4250705000-7f4250706000 r--s 00005000 08:01 12591360                   /home/webwerks1/.gradle/caches/modules-2/files-2.1/com.android.tools/dvlib/25.1.2/bfcb16fb0e44568bd8e31c6aaf1850c1dcd06483/dvlib-25.1.2.jar
7f4250706000-7f4250709000 r--s 00014000 08:01 12591359                   /home/webwerks1/.gradle/caches/modules-2/files-2.1/com.android.tools.layoutlib/layoutlib-api/25.1.2/b93f0de181063ee2f673d7d6cac0bdbb94cc1b90/layoutlib-api-25.1.2.jar
7f4250709000-7f425070d000 r--s 00037000 08:01 3543811                    /home/webwerks1/Downloads/android-studio/gradle/m2repository/org/antlr/ST4/4.0.8/ST4-4.0.8.jar
7f425070d000-7f4250710000 r--s 00026000 08:01 3543825                    /home/webwerks1/Downloads/android-studio/gradle/m2repository/org/antlr/antlr-runtime/3.5.2/antlr-runtime-3.5.2.jar
7f4250710000-7f4250715000 r--s 00058000 08:01 3543691                    /home/webwerks1/Downloads/android-studio/gradle/m2repository/org/ow2/asm/asm-debug-all/5.0.1/asm-debug-all-5.0.1.jar
7f4250715000-7f4250725000 r--s 000d6000 08:01 3670622                    /home/webwerks1/Downloads/android-studio/gradle/m2repository/net/sf/proguard/proguard-base/5.2.1/proguard-base-5.2.1.jar
7f4250725000-7f4250728000 r--s 00033000 08:01 3670082                    /home/webwerks1/Downloads/android-studio/gradle/m2repository/com/googlecode/juniversalchardet/juniversalchardet/1.0.3/juniversalchardet-1.0.3.jar
7f4250728000-7f425072c000 r--s 0002a000 08:01 3543662                    /home/webwerks1/Downloads/android-studio/gradle/m2repository/commons-io/commons-io/2.4/commons-io-2.4.jar
7f425072c000-7f4250736000 r--s 00099000 08:01 3670068                    /home/webwerks1/Downloads/android-studio/gradle/m2repository/com/tunnelvisionlabs/antlr4/4.5/antlr4-4.5.jar
7f4250736000-7f4250737000 r--s 00002000 08:01 12591358                   /home/webwerks1/.gradle/caches/modules-2/files-2.1/com.android.databinding/baseLibrary/2.1.2/d0395908c940f4171fb024435b25f7458c1147f3/baseLibrary-2.1.2.jar
7f4250737000-7f4250762000 r--s 001f9000 08:01 3670107                    /home/webwerks1/Downloads/android-studio/gradle/m2repository/com/google/guava/guava/17.0/guava-17.0.jar
7f4250762000-7f4250763000 r--s 00001000 08:01 12591357                   /home/webwerks1/.gradle/caches/modules-2/files-2.1/com.android.tools/annotations/25.1.2/9dbfadaaf19097c12787c68cf43a12c739936345/annotations-25.1.2.jar
7f4250763000-7f4250775000 r--s 00223000 08:01 3543779                    /home/webwerks1/Downloads/android-studio/gradle/m2repository/org/eclipse/jdt/core/compiler/ecj/4.4.2/ecj-4.4.2.jar
7f4250775000-7f425077c000 r--s 000be000 08:01 12591356                   /home/webwerks1/.gradle/caches/modules-2/files-2.1/com.android.tools.lint/lint-checks/25.1.2/68583e445a033021d9792c9d84ac7ce8ea549c81/lint-checks-25.1.2.jar
7f425077c000-7f425077e000 r--s 00006000 08:01 3543726                    /home/webwerks1/Downloads/android-studio/gradle/m2repository/org/ow2/asm/asm-tree/5.0.3/asm-tree-5.0.3.jar
7f425077e000-7f42507b1000 r--s 00203000 08:01 3543837                    /home/webwerks1/Downloads/android-studio/gradle/m2repository/org/bouncycastle/bcprov-jdk15on/1.48/bcprov-jdk15on-1.48.jar
7f42507b1000-7f42507bf000 r--s 00081000 08:01 3543842                    /home/webwerks1/Downloads/android-studio/gradle/m2repository/org/bouncycastle/bcpkix-jdk15on/1.48/bcpkix-jdk15on-1.48.jar
7f42507bf000-7f42507c1000 r--s 00002000 08:01 3670090                    /home/webwerks1/Downloads/android-studio/gradle/m2repository/com/squareup/javawriter/2.5.0/javawriter-2.5.0.jar
7f42507c1000-7f42507c2000 r--s 00001000 08:01 3670430                    /home/webwerks1/Downloads/android-studio/gradle/m2repository/com/android/tools/jill/jill-api/0.10.0/jill-api-0.10.0.jar
7f42507c2000-7f42507c4000 r--s 00003000 08:01 3670571                    /home/webwerks1/Downloads/android-studio/gradle/m2repository/com/android/tools/jack/jack-api/0.10.0/jack-api-0.10.0.jar
7f42507c4000-7f42507ca000 r--s 0004a000 08:01 12591355                   /home/webwerks1/.gradle/caches/modules-2/files-2.1/com.android.tools.ddms/ddmlib/25.1.2/521439862ec854d683a19a351fcc3beda4653346/ddmlib-25.1.2.jar
7f42507ca000-7f42507cd000 r--s 00028000 08:01 12591354                   /home/webwerks1/.gradle/caches/modules-2/files-2.1/com.android.tools.build/manifest-merger/25.1.2/2f070c6b90be1642f37aafe15e42f21ba73394da/manifest-merger-25.1.2.jar
7f42507cd000-7f42507cf000 r--s 00018000 08:01 12591353                   /home/webwerks1/.gradle/caches/modules-2/files-2.1/com.android.tools/common/25.1.2/c15c73c5ddedc9ac2afdfda827fa23a9b59b9b9d/common-25.1.2.jar
7f42507cf000-7f42507d7000 r--s 0007c000 08:01 12591352                   /home/webwerks1/.gradle/caches/modules-2/files-2.1/com.android.tools/sdk-common/25.1.2/1dcda99e022faddbf24336c0c8b37398773f4c36/sdk-common-25.1.2.jar
7f42507d7000-7f42507df000 r--s 00078000 08:01 12591351                   /home/webwerks1/.gradle/caches/modules-2/files-2.1/com.android.tools/sdklib/25.1.2/59cdf46da07c365d456606d3985a51702db87c24/sdklib-25.1.2.jar
7f42507df000-7f42507e0000 r--s 00002000 08:01 12591350                   /home/webwerks1/.gradle/caches/modules-2/files-2.1/com.android.tools.build/builder-test-api/2.1.2/ee73cc6c008005128538d86c1c56a27e2d96c32/builder-test-api-2.1.2.jar
7f42507e0000-7f42507e2000 r--s 00005000 08:01 12591349                   /home/webwerks1/.gradle/caches/modules-2/files-2.1/com.android.tools.build/builder-model/2.1.2/54929c8a9d8c2dd13c945c3f5ad0ec5546cdc006/builder-model-2.1.2.jar
7f42507e2000-7f42507ec000 r--s 00110000 08:01 3543817                    /home/webwerks1/Downloads/android-studio/gradle/m2repository/org/antlr/antlr/3.5.2/antlr-3.5.2.jar
7f42507ec000-7f42507f0000 r--s 0001e000 08:01 3543850                    /home/webwerks1/Downloads/android-studio/gradle/m2repository/org/jacoco/org.jacoco.core/0.7.4.201502262128/org.jacoco.core-0.7.4.201502262128.jar
7f42507f0000-7f42507f1000 r--s 00002000 08:01 3670638                    /home/webwerks1/Downloads/android-studio/gradle/m2repository/net/sf/proguard/proguard-gradle/5.2.1/proguard-gradle-5.2.1.jar
7f42507f1000-7f42507f3000 r--s 00009000 08:01 3543736                    /home/webwerks1/Downloads/android-studio/gradle/m2repository/org/ow2/asm/asm-commons/5.0.3/asm-commons-5.0.3.jar
7f42507f3000-7f42507f4000 r--s 0000c000 08:01 3543749                    /home/webwerks1/Downloads/android-studio/gradle/m2repository/org/ow2/asm/asm/5.0.3/asm-5.0.3.jar
7f42507f4000-7f42507f8000 r--s 0002b000 08:01 12591348                   /home/webwerks1/.gradle/caches/modules-2/files-2.1/com.android.databinding/compilerCommon/2.1.2/658479d60a2ad7f511ea43028a9dbe6f7658779d/compilerCommon-2.1.2.jar
7f42507f8000-7f42507f9000 r--s 00002000 08:01 12591347                   /home/webwerks1/.gradle/caches/modules-2/files-2.1/com.android.tools.build/gradle-api/2.1.2/13a4ad6e82603eca38f0f46e308db7b2374bd33a/gradle-api-2.1.2.jar
7f42507f9000-7f42507fa000 r--s 00000000 08:01 3670429                    /home/webwerks1/Downloads/android-studio/gradle/m2repository/com/android/tools/build/transform-api/2.0.0-deprecated-use-gradle-api/transform-api-2.0.0-deprecated-use-gradle-api.jar
7f42507fa000-7f42507fc000 r--s 00023000 08:01 12591346                   /home/webwerks1/.gradle/caches/modules-2/files-2.1/com.android.tools.lint/lint/25.1.2/73b0fca79c61b7d4212354d2dc54310f18d3eab1/lint-25.1.2.jar
7f42507fc000-7f4250810000 r--s 00130000 08:01 12591345                   /home/webwerks1/.gradle/caches/modules-2/files-2.1/com.android.tools.build/builder/2.1.2/b0f8f1b2be1cca433af04ac59c032bb65f104f68/builder-2.1.2.jar
7f4250810000-7f425082c000 r--s 0017c000 08:01 12591344                   /home/webwerks1/.gradle/caches/modules-2/files-2.1/com.android.tools.build/gradle-core/2.1.2/23fa54cbd68abe0d190b3f19b8db553c22b1e95e/gradle-core-2.1.2.jar
7f425082c000-7f4250a2c000 rw-p 00000000 00:00 0 
7f4250a2c000-7f4250c2c000 rw-p 00000000 00:00 0 
7f4250c2c000-7f4250e2c000 rw-p 00000000 00:00 0 
7f4250e2c000-7f4250e54000 r--s 001cf000 08:01 3409328                    /home/webwerks1/Downloads/android-studio/plugins/gradle/lib/guava-jdk5-17.0.jar
7f4250e54000-7f4250ec4000 r--s 00643000 08:01 2233926                    /home/webwerks1/Downloads/android-studio/lib/groovy-all-2.4.6.jar
7f4250ec4000-7f4250ec9000 r--s 00034000 08:01 2233897                    /home/webwerks1/Downloads/android-studio/lib/gson-2.5.jar
7f4250ec9000-7f42510c9000 rw-p 00000000 00:00 0 
7f42510c9000-7f42512c9000 rw-p 00000000 00:00 0 
7f42512c9000-7f42514c9000 rw-p 00000000 00:00 0 
7f42514c9000-7f42514ca000 r--s 00000000 08:01 11934997                   /home/webwerks1/.gradle/caches/jars-1/dg22azhabc6tsc1i8xni15giz1bnssh/gradle-appengine-builder-model-0.1.0.jar
7f42514ca000-7f42514cd000 r--s 00005000 08:01 11934995                   /home/webwerks1/.gradle/caches/jars-1/aembewtwr3e7s6a0xkzh7au0nqprc8i/builder-model-2.2.0-alpha6.jar
7f42514cd000-7f42514ce000 r--s 00002000 08:01 11933928                   /home/webwerks1/.gradle/caches/jars-1/34bf0kmvx6mi3cqfuabm8kaifm09ps0/external-system-rt.jar
7f42514ce000-7f42514d0000 r--s 0000a000 08:01 11933894                   /home/webwerks1/.gradle/caches/jars-1/mu8k54a9f0jl7dlc3yj5dvtwkfgedpb/gradle-tooling-extension-api.jar
7f42514d0000-7f42514d2000 r--s 0000c000 08:01 12591343                   /home/webwerks1/.gradle/caches/modules-2/files-2.1/com.android.tools.build/gradle/2.1.2/a15b8a1abdb158716cb2eca322c8c055dcf3c73d/gradle-2.1.2.jar
7f42514d2000-7f42514d4000 r--s 0000a000 08:01 3409308                    /home/webwerks1/Downloads/android-studio/plugins/gradle/lib/gradle-tooling-extension-api.jar
7f42514d4000-7f42514d7000 ---p 00000000 00:00 0 
7f42514d7000-7f425150d000 rw-p 00000000 00:00 0 
7f425150d000-7f425150e000 r--p 00000000 00:00 0 
7f425150e000-7f4251513000 r--s 00076000 08:01 3409310                    /home/webwerks1/Downloads/android-studio/plugins/gradle/lib/gradle-tooling-extension-impl.jar
7f4251513000-7f4251514000 r--s 00002000 08:01 2233923                    /home/webwerks1/Downloads/android-studio/lib/external-system-rt.jar
7f4251514000-7f4251714000 rw-p 00000000 00:00 0 
7f4251714000-7f4251721000 r--s 0017f000 08:01 11933866                   /home/webwerks1/.gradle/caches/jars-1/p04tujtv7fdl4dem5y1su7cfg482w6w/velocity.jar
7f4251721000-7f4251758000 r--s 001bd000 08:01 11934987                   /home/webwerks1/.gradle/caches/jars-1/2xkn8y4g49ep3x2f5cg5s5a2xqtca3v/gradle-core-2.14.1.jar
7f4251758000-7f4251780000 r--s 001cf000 08:01 11934985                   /home/webwerks1/.gradle/caches/jars-1/87eo0lrvp84r6dbxjq018wy66es2era/guava-jdk5-17.0.jar
7f4251780000-7f4251788000 r--s 0003a000 08:01 11934983                   /home/webwerks1/.gradle/caches/jars-1/fdivu3ta8l5xdemt5omuo26ei8xpixu/gradle-base-services-2.14.1.jar
7f4251788000-7f4251796000 r--s 0004f000 08:01 11934981                   /home/webwerks1/.gradle/caches/jars-1/lx7cd34m09bn56fdke7xikr221f6475/gradle-tooling-api-2.14.1.jar
7f4251796000-7f4251799000 ---p 00000000 00:00 0 
7f4251799000-7f4251a97000 rw-p 00000000 00:00 0 
7f4251a97000-7f4251c97000 rw-p 00000000 00:00 0 
7f4251c97000-7f4251d0f000 r--s 010eb000 08:01 3408884                    /home/webwerks1/Downloads/android-studio/jre/lib/tools.jar
7f4251d0f000-7f4251d12000 ---p 00000000 00:00 0 
7f4251d12000-7f4251e10000 rw-p 00000000 00:00 0 
7f4251e10000-7f4251e17000 r--s 00000000 08:01 17178254                   /usr/lib/x86_64-linux-gnu/gconv/gconv-modules.cache
7f4251e17000-7f4252017000 rw-p 00000000 00:00 0 
7f4252017000-7f425201a000 ---p 00000000 00:00 0 
7f425201a000-7f4252118000 rw-p 00000000 00:00 0 
7f4252118000-7f425211b000 ---p 00000000 00:00 0 
7f425211b000-7f4252219000 rw-p 00000000 00:00 0 
7f4252219000-7f425221c000 ---p 00000000 00:00 0 
7f425221c000-7f425231a000 rw-p 00000000 00:00 0 
7f425231a000-7f425231d000 ---p 00000000 00:00 0 
7f425231d000-7f425241b000 rw-p 00000000 00:00 0 
7f425241b000-7f425241e000 ---p 00000000 00:00 0 
7f425241e000-7f425251c000 rw-p 00000000 00:00 0 
7f425251c000-7f4252520000 r--s 00097000 08:01 3408994                    /home/webwerks1/Downloads/android-studio/jre/jre/lib/jsse.jar
7f4252520000-7f4252522000 r--s 00005000 08:01 12327874                   /home/webwerks1/.gradle/wrapper/dists/gradle-2.10-all/a4w5fzrkeut1ox71xslb49gst/gradle-2.10/lib/plugins/gradle-tooling-api-builders-2.10.jar
7f4252522000-7f4252532000 r--s 00088000 08:01 12327906                   /home/webwerks1/.gradle/wrapper/dists/gradle-2.10-all/a4w5fzrkeut1ox71xslb49gst/gradle-2.10/lib/plugins/joda-time-2.8.2.jar
7f4252532000-7f4252543000 r--s 000cf000 08:01 12327905                   /home/webwerks1/.gradle/wrapper/dists/gradle-2.10-all/a4w5fzrkeut1ox71xslb49gst/gradle-2.10/lib/plugins/jackson-databind-2.3.2.jar
7f4252543000-7f4252545000 r--s 00007000 08:01 12327904                   /home/webwerks1/.gradle/wrapper/dists/gradle-2.10-all/a4w5fzrkeut1ox71xslb49gst/gradle-2.10/lib/plugins/jackson-annotations-2.3.2.jar
7f4252545000-7f4252548000 r--s 0002e000 08:01 12327903                   /home/webwerks1/.gradle/wrapper/dists/gradle-2.10-all/a4w5fzrkeut1ox71xslb49gst/gradle-2.10/lib/plugins/jackson-core-2.3.2.jar
7f4252548000-7f4252553000 r--s 0006b000 08:01 12327902                   /home/webwerks1/.gradle/wrapper/dists/gradle-2.10-all/a4w5fzrkeut1ox71xslb49gst/gradle-2.10/lib/plugins/aws-java-sdk-core-1.9.19.jar
7f4252553000-7f4252559000 r--s 00036000 08:01 12327901                   /home/webwerks1/.gradle/wrapper/dists/gradle-2.10-all/a4w5fzrkeut1ox71xslb49gst/gradle-2.10/lib/plugins/aws-java-sdk-kms-1.9.19.jar
7f4252559000-7f4252564000 r--s 00079000 08:01 12327900                   /home/webwerks1/.gradle/wrapper/dists/gradle-2.10-all/a4w5fzrkeut1ox71xslb49gst/gradle-2.10/lib/plugins/aws-java-sdk-s3-1.9.19.jar
7f4252564000-7f4252565000 r--s 00003000 08:01 12327873                   /home/webwerks1/.gradle/wrapper/dists/gradle-2.10-all/a4w5fzrkeut1ox71xslb49gst/gradle-2.10/lib/plugins/gradle-resources-s3-2.10.jar
7f4252565000-7f4252566000 r--s 00004000 08:01 12327872                   /home/webwerks1/.gradle/wrapper/dists/gradle-2.10-all/a4w5fzrkeut1ox71xslb49gst/gradle-2.10/lib/plugins/gradle-resources-sftp-2.10.jar
7f4252566000-7f4252567000 r--s 00001000 08:01 12327869                   /home/webwerks1/.gradle/wrapper/dists/gradle-2.10-all/a4w5fzrkeut1ox71xslb49gst/gradle-2.10/lib/plugins/gradle-plugin-development-2.10.jar
7f4252567000-7f4252569000 r--s 00005000 08:01 12327868                   /home/webwerks1/.gradle/wrapper/dists/gradle-2.10-all/a4w5fzrkeut1ox71xslb49gst/gradle-2.10/lib/plugins/gradle-testing-native-2.10.jar
7f4252569000-7f425256e000 r--s 0002b000 08:01 12327867                   /home/webwerks1/.gradle/wrapper/dists/gradle-2.10-all/a4w5fzrkeut1ox71xslb49gst/gradle-2.10/lib/plugins/gradle-ide-native-2.10.jar
7f425256e000-7f4252573000 r--s 0001a000 08:01 12327866                   /home/webwerks1/.gradle/wrapper/dists/gradle-2.10-all/a4w5fzrkeut1ox71xslb49gst/gradle-2.10/lib/plugins/gradle-language-native-2.10.jar
7f4252573000-7f4252578000 r--s 00028000 08:01 12327865                   /home/webwerks1/.gradle/wrapper/dists/gradle-2.10-all/a4w5fzrkeut1ox71xslb49gst/gradle-2.10/lib/plugins/gradle-platform-play-2.10.jar
7f4252578000-7f4252585000 r--s 0004f000 08:01 12327864                   /home/webwerks1/.gradle/wrapper/dists/gradle-2.10-all/a4w5fzrkeut1ox71xslb49gst/gradle-2.10/lib/plugins/gradle-platform-native-2.10.jar
7f4252585000-7f4252588000 r--s 00008000 08:01 12327863                   /home/webwerks1/.gradle/wrapper/dists/gradle-2.10-all/a4w5fzrkeut1ox71xslb49gst/gradle-2.10/lib/plugins/gradle-language-scala-2.10.jar
7f4252588000-7f425258a000 r--s 00009000 08:01 12327862                   /home/webwerks1/.gradle/wrapper/dists/gradle-2.10-all/a4w5fzrkeut1ox71xslb49gst/gradle-2.10/lib/plugins/gradle-language-groovy-2.10.jar
7f425258a000-7f4252590000 r--s 00023000 08:01 12327861                   /home/webwerks1/.gradle/wrapper/dists/gradle-2.10-all/a4w5fzrkeut1ox71xslb49gst/gradle-2.10/lib/plugins/gradle-language-java-2.10.jar
7f4252590000-7f4252592000 r--s 00008000 08:01 12327860                   /home/webwerks1/.gradle/wrapper/dists/gradle-2.10-all/a4w5fzrkeut1ox71xslb49gst/gradle-2.10/lib/plugins/gradle-language-jvm-2.10.jar
7f4252592000-7f4252595000 r--s 00015000 08:01 12327859                   /home/webwerks1/.gradle/wrapper/dists/gradle-2.10-all/a4w5fzrkeut1ox71xslb49gst/gradle-2.10/lib/plugins/gradle-platform-jvm-2.10.jar
7f4252595000-7f425259d000 r--s 0002b000 08:01 12327858                   /home/webwerks1/.gradle/wrapper/dists/gradle-2.10-all/a4w5fzrkeut1ox71xslb49gst/gradle-2.10/lib/plugins/gradle-platform-base-2.10.jar
7f425259d000-7f42525a1000 r--s 00020000 08:01 12327857                   /home/webwerks1/.gradle/wrapper/dists/gradle-2.10-all/a4w5fzrkeut1ox71xslb49gst/gradle-2.10/lib/plugins/gradle-build-init-2.10.jar
7f42525a1000-7f42525a4000 r--s 00017000 08:01 12327856                   /home/webwerks1/.gradle/wrapper/dists/gradle-2.10-all/a4w5fzrkeut1ox71xslb49gst/gradle-2.10/lib/plugins/gradle-jacoco-2.10.jar
7f42525a4000-7f42525a7000 r--s 0000e000 08:01 12327855                   /home/webwerks1/.gradle/wrapper/dists/gradle-2.10-all/a4w5fzrkeut1ox71xslb49gst/gradle-2.10/lib/plugins/gradle-ivy-2.10.jar
7f42525a7000-7f42525a9000 r--s 00002000 08:01 12327854                   /home/webwerks1/.gradle/wrapper/dists/gradle-2.10-all/a4w5fzrkeut1ox71xslb49gst/gradle-2.10/lib/plugins/gradle-publish-2.10.jar
7f42525a9000-7f42525ab000 r--s 00005000 08:01 12327896                   /home/webwerks1/.gradle/wrapper/dists/gradle-2.10-all/a4w5fzrkeut1ox71xslb49gst/gradle-2.10/lib/plugins/jatl-0.2.2.jar
7f42525ab000-7f42525ad000 r--s 0000f000 08:01 12327853                   /home/webwerks1/.gradle/wrapper/dists/gradle-2.10-all/a4w5fzrkeut1ox71xslb49gst/gradle-2.10/lib/plugins/gradle-reporting-2.10.jar
7f42525ad000-7f42525b3000 r--s 00036000 08:01 12327852                   /home/webwerks1/.gradle/wrapper/dists/gradle-2.10-all/a4w5fzrkeut1ox71xslb49gst/gradle-2.10/lib/plugins/gradle-diagnostics-2.10.jar
7f42525b3000-7f42525ba000 r--s 0008f000 08:01 12327851                   /home/webwerks1/.gradle/wrapper/dists/gradle-2.10-all/a4w5fzrkeut1ox71xslb49gst/gradle-2.10/lib/plugins/gradle-build-comparison-2.10.jar
7f42525ba000-7f42525c1000 r--s 00035000 08:01 12327895                   /home/webwerks1/.gradle/wrapper/dists/gradle-2.10-all/a4w5fzrkeut1ox71xslb49gst/gradle-2.10/lib/plugins/simple-4.1.21.jar
7f42525c1000-7f42525cd000 r--s 00100000 08:01 12327893                   /home/webwerks1/.gradle/wrapper/dists/gradle-2.10-all/a4w5fzrkeut1ox71xslb49gst/gradle-2.10/lib/plugins/rhino-1.7R3.jar
7f42525cd000-7f42525d1000 r--s 0001c000 08:01 12327850                   /home/webwerks1/.gradle/wrapper/dists/gradle-2.10-all/a4w5fzrkeut1ox71xslb49gst/gradle-2.10/lib/plugins/gradle-javascript-2.10.jar
7f42525d1000-7f42525d3000 r--s 0000b000 08:01 12327849                   /home/webwerks1/.gradle/wrapper/dists/gradle-2.10-all/a4w5fzrkeut1ox71xslb49gst/gradle-2.10/lib/plugins/gradle-ear-2.10.jar
7f42525d3000-7f42525da000 r--s 00038000 08:01 12327892                   /home/webwerks1/.gradle/wrapper/dists/gradle-2.10-all/a4w5fzrkeut1ox71xslb49gst/gradle-2.10/lib/plugins/bcpg-jdk15on-1.51.jar
7f42525da000-7f42525dc000 r--s 00017000 08:01 12327848                   /home/webwerks1/.gradle/wrapper/dists/gradle-2.10-all/a4w5fzrkeut1ox71xslb49gst/gradle-2.10/lib/plugins/gradle-signing-2.10.jar
7f42525dc000-7f42525dd000 r--s 00002000 08:01 12327891                   /home/webwerks1/.gradle/wrapper/dists/gradle-2.10-all/a4w5fzrkeut1ox71xslb49gst/gradle-2.10/lib/plugins/sonar-batch-bootstrapper-2.9.jar
7f42525dd000-7f42525e0000 r--s 00015000 08:01 12327847                   /home/webwerks1/.gradle/wrapper/dists/gradle-2.10-all/a4w5fzrkeut1ox71xslb49gst/gradle-2.10/lib/plugins/gradle-sonar-2.10.jar
7f42525e0000-7f42525e3000 r--s 00010000 08:01 12327846                   /home/webwerks1/.gradle/wrapper/dists/gradle-2.10-all/a4w5fzrkeut1ox71xslb49gst/gradle-2.10/lib/plugins/gradle-scala-2.10.jar
7f42525e3000-7f42525e5000 r--s 0000a000 08:01 12327845                   /home/webwerks1/.gradle/wrapper/dists/gradle-2.10-all/a4w5fzrkeut1ox71xslb49gst/gradle-2.10/lib/plugins/gradle-announce-2.10.jar
7f42525e5000-7f42525f4000 r--s 0009f000 08:01 12327844                   /home/webwerks1/.gradle/wrapper/dists/gradle-2.10-all/a4w5fzrkeut1ox71xslb49gst/gradle-2.10/lib/plugins/gradle-ide-2.10.jar
7f42525f4000-7f42525f7000 r--s 0000c000 08:01 12327890                   /home/webwerks1/.gradle/wrapper/dists/gradle-2.10-all/a4w5fzrkeut1ox71xslb49gst/gradle-2.10/lib/plugins/pmaven-groovy-0.8-20100325.jar
7f42525f7000-7f42525f8000 r--s 00004000 08:01 12327889                   /home/webwerks1/.gradle/wrapper/dists/gradle-2.10-all/a4w5fzrkeut1ox71xslb49gst/gradle-2.10/lib/plugins/pmaven-common-0.8-20100325.jar
7f42525f8000-7f42525fe000 r--s 00022000 08:01 12327843                   /home/webwerks1/.gradle/wrapper/dists/gradle-2.10-all/a4w5fzrkeut1ox71xslb49gst/gradle-2.10/lib/plugins/gradle-maven-2.10.jar
7f42525fe000-7f425261f000 r--s 001c3000 08:01 12327887                   /home/webwerks1/.gradle/wrapper/dists/gradle-2.10-all/a4w5fzrkeut1ox71xslb49gst/gradle-2.10/lib/plugins/bndlib-2.4.0.jar
7f425261f000-7f4252621000 r--s 00004000 08:01 12327842                   /home/webwerks1/.gradle/wrapper/dists/gradle-2.10-all/a4w5fzrkeut1ox71xslb49gst/gradle-2.10/lib/plugins/gradle-osgi-2.10.jar
7f4252621000-7f4252623000 r--s 00008000 08:01 12327841                   /home/webwerks1/.gradle/wrapper/dists/gradle-2.10-all/a4w5fzrkeut1ox71xslb49gst/gradle-2.10/lib/plugins/gradle-antlr-2.10.jar
7f4252623000-7f4252626000 r--s 0001e000 08:01 12327915                   /home/webwerks1/.gradle/wrapper/dists/gradle-2.10-all/a4w5fzrkeut1ox71xslb49gst/gradle-2.10/lib/plugins/jsp-api-2.1-6.1.14.jar
7f4252626000-7f4252649000 r--s 00344000 08:01 12327914                   /home/webwerks1/.gradle/wrapper/dists/gradle-2.10-all/a4w5fzrkeut1ox71xslb49gst/gradle-2.10/lib/plugins/core-3.1.1.jar
7f4252649000-7f425264a000 r--s 00006000 08:01 12327913                   /home/webwerks1/.gradle/wrapper/dists/gradle-2.10-all/a4w5fzrkeut1ox71xslb49gst/gradle-2.10/lib/plugins/jetty-naming-6.1.25.jar
7f425264a000-7f425264b000 r--s 00002000 08:01 12327886                   /home/webwerks1/.gradle/wrapper/dists/gradle-2.10-all/a4w5fzrkeut1ox71xslb49gst/gradle-2.10/lib/plugins/geronimo-annotation_1.0_spec-1.0.jar
7f425264b000-7f425264d000 r--s 00002000 08:01 12327885                   /home/webwerks1/.gradle/wrapper/dists/gradle-2.10-all/a4w5fzrkeut1ox71xslb49gst/gradle-2.10/lib/plugins/jetty-annotations-6.1.25.jar
7f425264d000-7f425265e000 r--s 000ea000 08:01 12327884                   /home/webwerks1/.gradle/wrapper/dists/gradle-2.10-all/a4w5fzrkeut1ox71xslb49gst/gradle-2.10/lib/plugins/jsp-2.1-6.1.14.jar
7f425265e000-7f4252660000 r--s 0000d000 08:01 12327883                   /home/webwerks1/.gradle/wrapper/dists/gradle-2.10-all/a4w5fzrkeut1ox71xslb49gst/gradle-2.10/lib/plugins/jetty-plus-6.1.25.jar
7f4252660000-7f4252662000 r--s 0001f000 08:01 12327882                   /home/webwerks1/.gradle/wrapper/dists/gradle-2.10-all/a4w5fzrkeut1ox71xslb49gst/gradle-2.10/lib/plugins/servlet-api-2.5-20081211.jar
7f4252662000-7f4252666000 r--s 00028000 08:01 12327881                   /home/webwerks1/.gradle/wrapper/dists/gradle-2.10-all/a4w5fzrkeut1ox71xslb49gst/gradle-2.10/lib/plugins/jetty-util-6.1.25.jar
7f4252666000-7f425266d000 r--s 0007d000 08:01 12327880                   /home/webwerks1/.gradle/wrapper/dists/gradle-2.10-all/a4w5fzrkeut1ox71xslb49gst/gradle-2.10/lib/plugins/jetty-6.1.25.jar
7f425266d000-7f425266f000 r--s 00009000 08:01 12327840                   /home/webwerks1/.gradle/wrapper/dists/gradle-2.10-all/a4w5fzrkeut1ox71xslb49gst/gradle-2.10/lib/plugins/gradle-jetty-2.10.jar
7f425266f000-7f4252675000 r--s 00037000 08:01 12327839                   /home/webwerks1/.gradle/wrapper/dists/gradle-2.10-all/a4w5fzrkeut1ox71xslb49gst/gradle-2.10/lib/plugins/gradle-code-quality-2.10.jar
7f4252675000-7f4252677000 r--s 00009000 08:01 12327945                   /home/webwerks1/.gradle/wrapper/dists/gradle-2.10-all/a4w5fzrkeut1ox71xslb49gst/gradle-2.10/lib/plugins/hamcrest-core-1.3.jar
7f4252677000-7f425267d000 r--s 00033000 08:01 12327912                   /home/webwerks1/.gradle/wrapper/dists/gradle-2.10-all/a4w5fzrkeut1ox71xslb49gst/gradle-2.10/lib/plugins/snakeyaml-1.6.jar
7f425267d000-7f425267f000 r--s 00006000 08:01 12327911                   /home/webwerks1/.gradle/wrapper/dists/gradle-2.10-all/a4w5fzrkeut1ox71xslb49gst/gradle-2.10/lib/plugins/jcommander-1.12.jar
7f425267f000-7f4252684000 r--s 00040000 08:01 12327910                   /home/webwerks1/.gradle/wrapper/dists/gradle-2.10-all/a4w5fzrkeut1ox71xslb49gst/gradle-2.10/lib/plugins/bsh-2.0b4.jar
7f4252684000-7f4252686000 r--s 00009000 08:01 12327879                   /home/webwerks1/.gradle/wrapper/dists/gradle-2.10-all/a4w5fzrkeut1ox71xslb49gst/gradle-2.10/lib/plugins/commons-cli-1.2.jar
7f4252686000-7f425268f000 r--s 00089000 08:01 12327878                   /home/webwerks1/.gradle/wrapper/dists/gradle-2.10-all/a4w5fzrkeut1ox71xslb49gst/gradle-2.10/lib/plugins/testng-6.3.1.jar
7f425268f000-7f4252697000 r--s 00045000 08:01 12327877                   /home/webwerks1/.gradle/wrapper/dists/gradle-2.10-all/a4w5fzrkeut1ox71xslb49gst/gradle-2.10/lib/plugins/junit-4.12.jar
7f4252697000-7f42526a4000 r--s 00073000 08:01 12327838                   /home/webwerks1/.gradle/wrapper/dists/gradle-2.10-all/a4w5fzrkeut1ox71xslb49gst/gradle-2.10/lib/plugins/gradle-plugins-2.10.jar
7f42526a4000-7f42526bc000 r--s 00115000 08:01 12327943                   /home/webwerks1/.gradle/wrapper/dists/gradle-2.10-all/a4w5fzrkeut1ox71xslb49gst/gradle-2.10/lib/plugins/xercesImpl-2.9.1.jar
7f42526bc000-7f42526c4000 r--s 00028000 08:01 12327944                   /home/webwerks1/.gradle/wrapper/dists/gradle-2.10-all/a4w5fzrkeut1ox71xslb49gst/gradle-2.10/lib/plugins/xml-apis-1.3.04.jar
7f42526c4000-7f42526ca000 r--s 0005b000 08:01 12327942                   /home/webwerks1/.gradle/wrapper/dists/gradle-2.10-all/a4w5fzrkeut1ox71xslb49gst/gradle-2.10/lib/plugins/jcifs-1.3.17.jar
7f42526ca000-7f42526d0000 r--s 00031000 08:01 12327941                   /home/webwerks1/.gradle/wrapper/dists/gradle-2.10-all/a4w5fzrkeut1ox71xslb49gst/gradle-2.10/lib/plugins/httpcore-4.2.2.jar
7f42526d0000-7f42526d6000 r--s 00033000 08:01 12327940                   /home/webwerks1/.gradle/wrapper/dists/gradle-2.10-all/a4w5fzrkeut1ox71xslb49gst/gradle-2.10/lib/plugins/commons-codec-1.6.jar
7f42526d6000-7f42526d9000 r--s 0001c000 08:01 12327898                   /home/webwerks1/.gradle/wrapper/dists/gradle-2.10-all/a4w5fzrkeut1ox71xslb49gst/gradle-2.10/lib/plugins/nekohtml-1.9.14.jar
7f42526d9000-7f42526e2000 r--s 00060000 08:01 12327897                   /home/webwerks1/.gradle/wrapper/dists/gradle-2.10-all/a4w5fzrkeut1ox71xslb49gst/gradle-2.10/lib/plugins/httpclient-4.2.2.jar
7f42526e2000-7f42526e4000 r--s 00009000 08:01 12327871                   /home/webwerks1/.gradle/wrapper/dists/gradle-2.10-all/a4w5fzrkeut1ox71xslb49gst/gradle-2.10/lib/plugins/gradle-resources-http-2.10.jar
7f42526e4000-7f42526e7000 r--s 00011000 08:01 12327870                   /home/webwerks1/.gradle/wrapper/dists/gradle-2.10-all/a4w5fzrkeut1ox71xslb49gst/gradle-2.10/lib/plugins/gradle-plugin-use-2.10.jar
7f42526e7000-7f42526e8000 r--s 00007000 08:01 12327939                   /home/webwerks1/.gradle/wrapper/dists/gradle-2.10-all/a4w5fzrkeut1ox71xslb49gst/gradle-2.10/lib/plugins/wagon-http-shared4-2.4.jar
7f42526e8000-7f42526ec000 r--s 00033000 08:01 12327938                   /home/webwerks1/.gradle/wrapper/dists/gradle-2.10-all/a4w5fzrkeut1ox71xslb49gst/gradle-2.10/lib/plugins/plexus-utils-2.0.6.jar
7f42526ec000-7f42526f0000 r--s 00021000 08:01 12327937                   /home/webwerks1/.gradle/wrapper/dists/gradle-2.10-all/a4w5fzrkeut1ox71xslb49gst/gradle-2.10/lib/plugins/maven-model-builder-3.0.4.jar
7f42526f0000-7f42526f1000 r--s 00002000 08:01 12327936                   /home/webwerks1/.gradle/wrapper/dists/gradle-2.10-all/a4w5fzrkeut1ox71xslb49gst/gradle-2.10/lib/plugins/wagon-file-2.4.jar
7f42526f1000-7f42526f3000 r--s 00002000 08:01 12327935                   /home/webwerks1/.gradle/wrapper/dists/gradle-2.10-all/a4w5fzrkeut1ox71xslb49gst/gradle-2.10/lib/plugins/plexus-cipher-1.7.jar
7f42526f3000-7f42526f6000 r--s 00013000 08:01 12327934                   /home/webwerks1/.gradle/wrapper/dists/gradle-2.10-all/a4w5fzrkeut1ox71xslb49gst/gradle-2.10/lib/plugins/aether-api-1.13.1.jar
7f42526f6000-7f42526f8000 r--s 0000a000 08:01 12327933                   /home/webwerks1/.gradle/wrapper/dists/gradle-2.10-all/a4w5fzrkeut1ox71xslb49gst/gradle-2.10/lib/plugins/maven-settings-3.0.4.jar
7f42526f8000-7f42526fa000 r--s 0000d000 08:01 12327932                   /home/webwerks1/.gradle/wrapper/dists/gradle-2.10-all/a4w5fzrkeut1ox71xslb49gst/gradle-2.10/lib/plugins/plexus-interpolation-1.14.jar
7f42526fa000-7f42526fc000 r--s 0000b000 08:01 12327931                   /home/webwerks1/.gradle/wrapper/dists/gradle-2.10-all/a4w5fzrkeut1ox71xslb49gst/gradle-2.10/lib/plugins/maven-artifact-3.0.4.jar
7f42526fc000-7f4252703000 r--s 0002e000 08:01 12327930                   /home/webwerks1/.gradle/wrapper/dists/gradle-2.10-all/a4w5fzrkeut1ox71xslb49gst/gradle-2.10/lib/plugins/plexus-container-default-1.5.5.jar
7f4252703000-7f4252705000 r--s 0000b000 08:01 12327929                   /home/webwerks1/.gradle/wrapper/dists/gradle-2.10-all/a4w5fzrkeut1ox71xslb49gst/gradle-2.10/lib/plugins/maven-plugin-api-3.0.4.jar
7f4252705000-7f4252707000 r--s 00000000 08:01 12327946                   /home/webwerks1/.gradle/wrapper/dists/gradle-2.10-all/a4w5fzrkeut1ox71xslb49gst/gradle-2.10/lib/plugins/plexus-component-annotations-1.5.5.jar
7f4252707000-7f425270d000 r--s 0003f000 08:01 12327928                   /home/webwerks1/.gradle/wrapper/dists/gradle-2.10-all/a4w5fzrkeut1ox71xslb49gst/gradle-2.10/lib/plugins/maven-compat-3.0.4.jar
7f425270d000-7f4252710000 r--s 00008000 08:01 12327927                   /home/webwerks1/.gradle/wrapper/dists/gradle-2.10-all/a4w5fzrkeut1ox71xslb49gst/gradle-2.10/lib/plugins/maven-settings-builder-3.0.4.jar
7f4252710000-7f4252711000 r--s 00002000 08:01 12327926                   /home/webwerks1/.gradle/wrapper/dists/gradle-2.10-all/a4w5fzrkeut1ox71xslb49gst/gradle-2.10/lib/plugins/wagon-http-2.4.jar
7f4252711000-7f4252713000 r--s 00026000 08:01 12327925                   /home/webwerks1/.gradle/wrapper/dists/gradle-2.10-all/a4w5fzrkeut1ox71xslb49gst/gradle-2.10/lib/plugins/maven-model-3.0.4.jar
7f4252713000-7f4252715000 r--s 00006000 08:01 12327924                   /home/webwerks1/.gradle/wrapper/dists/gradle-2.10-all/a4w5fzrkeut1ox71xslb49gst/gradle-2.10/lib/plugins/aether-connector-wagon-1.13.1.jar
7f4252715000-7f4252717000 r--s 0000a000 08:01 12327923                   /home/webwerks1/.gradle/wrapper/dists/gradle-2.10-all/a4w5fzrkeut1ox71xslb49gst/gradle-2.10/lib/plugins/plexus-classworlds-2.4.jar
7f4252717000-7f4252719000 r--s 00006000 08:01 12327922                   /home/webwerks1/.gradle/wrapper/dists/gradle-2.10-all/a4w5fzrkeut1ox71xslb49gst/gradle-2.10/lib/plugins/maven-repository-metadata-3.0.4.jar
7f4252719000-7f425271b000 r--s 0000c000 08:01 12327921                   /home/webwerks1/.gradle/wrapper/dists/gradle-2.10-all/a4w5fzrkeut1ox71xslb49gst/gradle-2.10/lib/plugins/maven-aether-provider-3.0.4.jar
7f425271b000-7f425271d000 r--s 0000b000 08:01 12327920                   /home/webwerks1/.gradle/wrapper/dists/gradle-2.10-all/a4w5fzrkeut1ox71xslb49gst/gradle-2.10/lib/plugins/wagon-provider-api-2.4.jar
7f425271d000-7f425271e000 r--s 00003000 08:01 12327919                   /home/webwerks1/.gradle/wrapper/dists/gradle-2.10-all/a4w5fzrkeut1ox71xslb49gst/gradle-2.10/lib/plugins/aether-spi-1.13.1.jar
7f425271e000-7f4252722000 r--s 0001c000 08:01 12327918                   /home/webwerks1/.gradle/wrapper/dists/gradle-2.10-all/a4w5fzrkeut1ox71xslb49gst/gradle-2.10/lib/plugins/aether-util-1.13.1.jar
7f4252722000-7f4252725000 r--s 0001d000 08:01 12327917                   /home/webwerks1/.gradle/wrapper/dists/gradle-2.10-all/a4w5fzrkeut1ox71xslb49gst/gradle-2.10/lib/plugins/aether-impl-1.13.1.jar
7f4252725000-7f4252726000 r--s 00006000 08:01 12327916                   /home/webwerks1/.gradle/wrapper/dists/gradle-2.10-all/a4w5fzrkeut1ox71xslb49gst/gradle-2.10/lib/plugins/plexus-sec-dispatcher-1.3.jar
7f4252726000-7f425272b000 r--s 00040000 08:01 12327899                   /home/webwerks1/.gradle/wrapper/dists/gradle-2.10-all/a4w5fzrkeut1ox71xslb49gst/gradle-2.10/lib/plugins/jsch-0.1.53.jar
7f425272b000-7f425276b000 r--s 00277000 08:01 12327909                   /home/webwerks1/.gradle/wrapper/dists/gradle-2.10-all/a4w5fzrkeut1ox71xslb49gst/gradle-2.10/lib/plugins/bcprov-jdk15on-1.51.jar
7f425276b000-7f425276f000 r--s 0001d000 08:01 12327908                   /home/webwerks1/.gradle/wrapper/dists/gradle-2.10-all/a4w5fzrkeut1ox71xslb49gst/gradle-2.10/lib/plugins/xbean-reflect-3.4.jar
7f425276f000-7f425277b000 r--s 0007d000 08:01 12327888                   /home/webwerks1/.gradle/wrapper/dists/gradle-2.10-all/a4w5fzrkeut1ox71xslb49gst/gradle-2.10/lib/plugins/maven-core-3.0.4.jar
7f425277b000-7f425278a000 r--s 000d9000 08:01 12327907                   /home/webwerks1/.gradle/wrapper/dists/gradle-2.10-all/a4w5fzrkeut1ox71xslb49gst/gradle-2.10/lib/plugins/ivy-2.2.0.jar
7f425278a000-7f42527a0000 r-xp 00000000 08:01 8912901                    /lib/x86_64-linux-gnu/libgcc_s.so.1
7f42527a0000-7f425299f000 ---p 00016000 08:01 8912901                    /lib/x86_64-linux-gnu/libgcc_s.so.1
7f425299f000-7f42529a0000 rw-p 00015000 08:01 8912901                    /lib/x86_64-linux-gnu/libgcc_s.so.1
7f42529a0000-7f4252a86000 r-xp 00000000 08:01 16777394                   /usr/lib/x86_64-linux-gnu/libstdc++.so.6.0.19
7f4252a86000-7f4252c85000 ---p 000e6000 08:01 16777394                   /usr/lib/x86_64-linux-gnu/libstdc++.so.6.0.19
7f4252c85000-7f4252c8d000 r--p 000e5000 08:01 16777394                   /usr/lib/x86_64-linux-gnu/libstdc++.so.6.0.19
7f4252c8d000-7f4252c8f000 rw-p 000ed000 08:01 16777394                   /usr/lib/x86_64-linux-gnu/libstdc++.so.6.0.19
7f4252c8f000-7f4252ca4000 rw-p 00000000 00:00 0 
7f4252ca4000-7f4252ca9000 r--s 0002a000 08:01 12327894                   /home/webwerks1/.gradle/wrapper/dists/gradle-2.10-all/a4w5fzrkeut1ox71xslb49gst/gradle-2.10/lib/plugins/gson-2.2.4.jar
7f4252ca9000-7f4252cc5000 r--s 000c9000 08:01 12327875                   /home/webwerks1/.gradle/wrapper/dists/gradle-2.10-all/a4w5fzrkeut1ox71xslb49gst/gradle-2.10/lib/plugins/gradle-dependency-management-2.10.jar
7f4252cc5000-7f4252cc9000 r-xp 00000000 08:01 11934968                   /home/webwerks1/.gradle/native/19/linux-amd64/libnative-platform.so
7f4252cc9000-7f4252ec8000 ---p 00004000 08:01 11934968                   /home/webwerks1/.gradle/native/19/linux-amd64/libnative-platform.so
7f4252ec8000-7f4252ec9000 rw-p 00003000 08:01 11934968                   /home/webwerks1/.gradle/native/19/linux-amd64/libnative-platform.so
7f4252ec9000-7f4252eda000 r-xp 00000000 08:01 3409008                    /home/webwerks1/Downloads/android-studio/jre/jre/lib/amd64/libnio.so
7f4252eda000-7f42530d9000 ---p 00011000 08:01 3409008                    /home/webwerks1/Downloads/android-studio/jre/jre/lib/amd64/libnio.so
7f42530d9000-7f42530da000 r--p 00010000 08:01 3409008                    /home/webwerks1/Downloads/android-studio/jre/jre/lib/amd64/libnio.so
7f42530da000-7f42530db000 rw-p 00011000 08:01 3409008                    /home/webwerks1/Downloads/android-studio/jre/jre/lib/amd64/libnio.so
7f42530db000-7f42530f2000 r-xp 00000000 08:01 3409006                    /home/webwerks1/Downloads/android-studio/jre/jre/lib/amd64/libnet.so
7f42530f2000-7f42532f1000 ---p 00017000 08:01 3409006                    /home/webwerks1/Downloads/android-studio/jre/jre/lib/amd64/libnet.so
7f42532f1000-7f42532f2000 r--p 00016000 08:01 3409006                    /home/webwerks1/Downloads/android-studio/jre/jre/lib/amd64/libnet.so
7f42532f2000-7f42532f3000 rw-p 00017000 08:01 3409006                    /home/webwerks1/Downloads/android-studio/jre/jre/lib/amd64/libnet.so
7f42532f3000-7f42532f4000 r--s 00006000 08:01 12327791                   /home/webwerks1/.gradle/wrapper/dists/gradle-2.10-all/a4w5fzrkeut1ox71xslb49gst/gradle-2.10/lib/gradle-wrapper-2.10.jar
7f42532f4000-7f42532ff000 r--s 0003b000 08:01 12327796                   /home/webwerks1/.gradle/wrapper/dists/gradle-2.10-all/a4w5fzrkeut1ox71xslb49gst/gradle-2.10/lib/gradle-tooling-api-2.10.jar
7f42532ff000-7f4253301000 r--s 00002000 08:01 12327818                   /home/webwerks1/.gradle/wrapper/dists/gradle-2.10-all/a4w5fzrkeut1ox71xslb49gst/gradle-2.10/lib/gradle-open-api-2.10.jar
7f4253301000-7f4253307000 r--s 00032000 08:01 12327820                   /home/webwerks1/.gradle/wrapper/dists/gradle-2.10-all/a4w5fzrkeut1ox71xslb49gst/gradle-2.10/lib/jaxen-1.1.jar
7f4253307000-7f425330c000 r--s 00048000 08:01 12327819                   /home/webwerks1/.gradle/wrapper/dists/gradle-2.10-all/a4w5fzrkeut1ox71xslb49gst/gradle-2.10/lib/dom4j-1.6.1.jar
7f425330c000-7f4253317000 r--s 00059000 08:01 12327795                   /home/webwerks1/.gradle/wrapper/dists/gradle-2.10-all/a4w5fzrkeut1ox71xslb49gst/gradle-2.10/lib/gradle-ui-2.10.jar
7f4253317000-7f425331a000 r--s 00008000 08:01 12327814                   /home/webwerks1/.gradle/wrapper/dists/gradle-2.10-all/a4w5fzrkeut1ox71xslb49gst/gradle-2.10/lib/gradle-resources-2.10.jar
7f425331a000-7f425331c000 r--s 00007000 08:01 12327836                   /home/webwerks1/.gradle/wrapper/dists/gradle-2.10-all/a4w5fzrkeut1ox71xslb49gst/gradle-2.10/lib/objenesis-1.2.jar
7f425331c000-7f425331e000 r--s 00000000 08:01 12327835                   /home/webwerks1/.gradle/wrapper/dists/gradle-2.10-all/a4w5fzrkeut1ox71xslb49gst/gradle-2.10/lib/minlog-1.2.jar
7f425331e000-7f4253320000 r--s 0000f000 08:01 12327834                   /home/webwerks1/.gradle/wrapper/dists/gradle-2.10-all/a4w5fzrkeut1ox71xslb49gst/gradle-2.10/lib/reflectasm-1.07-shaded.jar
7f4253320000-7f4253324000 r--s 00026000 08:01 12327825                   /home/webwerks1/.gradle/wrapper/dists/gradle-2.10-all/a4w5fzrkeut1ox71xslb49gst/gradle-2.10/lib/kryo-2.20.jar
7f4253324000-7f425332d000 r--s 0003f000 08:01 12327813                   /home/webwerks1/.gradle/wrapper/dists/gradle-2.10-all/a4w5fzrkeut1ox71xslb49gst/gradle-2.10/lib/gradle-messaging-2.10.jar
7f425332d000-7f425332e000 r--s 00003000 08:01 12327833                   /home/webwerks1/.gradle/wrapper/dists/gradle-2.10-all/a4w5fzrkeut1ox71xslb49gst/gradle-2.10/lib/native-platform-freebsd-amd64-0.10.jar
7f425332e000-7f425332f000 r--s 00003000 08:01 12327832                   /home/webwerks1/.gradle/wrapper/dists/gradle-2.10-all/a4w5fzrkeut1ox71xslb49gst/gradle-2.10/lib/native-platform-freebsd-i386-0.10.jar
7f425332f000-7f4253330000 r--s 00005000 08:01 12327831                   /home/webwerks1/.gradle/wrapper/dists/gradle-2.10-all/a4w5fzrkeut1ox71xslb49gst/gradle-2.10/lib/native-platform-windows-i386-0.10.jar
7f4253330000-7f4253331000 r--s 00005000 08:01 12327830                   /home/webwerks1/.gradle/wrapper/dists/gradle-2.10-all/a4w5fzrkeut1ox71xslb49gst/gradle-2.10/lib/native-platform-windows-amd64-0.10.jar
7f4253331000-7f4253332000 r--s 00003000 08:01 12327829                   /home/webwerks1/.gradle/wrapper/dists/gradle-2.10-all/a4w5fzrkeut1ox71xslb49gst/gradle-2.10/lib/native-platform-linux-i386-0.10.jar
7f4253332000-7f4253333000 r--s 00003000 08:01 12327828                   /home/webwerks1/.gradle/wrapper/dists/gradle-2.10-all/a4w5fzrkeut1ox71xslb49gst/gradle-2.10/lib/native-platform-linux-amd64-0.10.jar
7f4253333000-7f4253335000 r--s 00008000 08:01 12327823                   /home/webwerks1/.gradle/wrapper/dists/gradle-2.10-all/a4w5fzrkeut1ox71xslb49gst/gradle-2.10/lib/jansi-1.2.1.jar
7f4253335000-7f4253338000 r--s 0000d000 08:01 12327822                   /home/webwerks1/.gradle/wrapper/dists/gradle-2.10-all/a4w5fzrkeut1ox71xslb49gst/gradle-2.10/lib/native-platform-0.10.jar
7f4253338000-7f425333c000 r--s 000e4000 08:01 12327821                   /home/webwerks1/.gradle/wrapper/dists/gradle-2.10-all/a4w5fzrkeut1ox71xslb49gst/gradle-2.10/lib/jna-3.2.7.jar
7f425333c000-7f425333e000 r--s 00008000 08:01 12327797                   /home/webwerks1/.gradle/wrapper/dists/gradle-2.10-all/a4w5fzrkeut1ox71xslb49gst/gradle-2.10/lib/gradle-native-2.10.jar
7f425333e000-7f425334b000 r--s 00073000 08:01 12327802                   /home/webwerks1/.gradle/wrapper/dists/gradle-2.10-all/a4w5fzrkeut1ox71xslb49gst/gradle-2.10/lib/gradle-model-core-2.10.jar
7f425334b000-7f42533ba000 r--s 0063e000 08:01 12327801                   /home/webwerks1/.gradle/wrapper/dists/gradle-2.10-all/a4w5fzrkeut1ox71xslb49gst/gradle-2.10/lib/groovy-all-2.4.4.jar
7f42533ba000-7f42533e2000 r--s 001cf000 08:01 12327799                   /home/webwerks1/.gradle/wrapper/dists/gradle-2.10-all/a4w5fzrkeut1ox71xslb49gst/gradle-2.10/lib/guava-jdk5-17.0.jar
7f42533e2000-7f4253419000 r--s 001bc000 08:01 12327793                   /home/webwerks1/.gradle/wrapper/dists/gradle-2.10-all/a4w5fzrkeut1ox71xslb49gst/gradle-2.10/lib/gradle-core-2.10.jar
7f4253419000-7f425341a000 ---p 00000000 00:00 0 
7f425341a000-7f425351a000 rw-p 00000000 00:00 0 
7f425351a000-7f425351d000 ---p 00000000 00:00 0 
7f425351d000-7f425361b000 rw-p 00000000 00:00 0 
7f425361b000-7f425361e000 ---p 00000000 00:00 0 
7f425361e000-7f425371c000 rw-p 00000000 00:00 0 
7f425371c000-7f425371f000 ---p 00000000 00:00 0 
7f425371f000-7f425381d000 rw-p 00000000 00:00 0 
7f425381d000-7f4253820000 ---p 00000000 00:00 0 
7f4253820000-7f425391e000 rw-p 00000000 00:00 0 
7f425391e000-7f4254000000 r--p 00000000 08:01 16784008                   /usr/lib/locale/locale-archive
7f4254000000-7f425403c000 rw-p 00000000 00:00 0 
7f425403c000-7f4258000000 ---p 00000000 00:00 0 
7f4258000000-7f425804a000 rw-p 00000000 00:00 0 
7f425804a000-7f425c000000 ---p 00000000 00:00 0 
7f425c000000-7f425c040000 rw-p 00000000 00:00 0 
7f425c040000-7f4260000000 ---p 00000000 00:00 0 
7f4260000000-7f4260001000 r--s 00002000 08:01 12327827                   /home/webwerks1/.gradle/wrapper/dists/gradle-2.10-all/a4w5fzrkeut1ox71xslb49gst/gradle-2.10/lib/native-platform-osx-amd64-0.10.jar
7f4260001000-7f4260020000 r--s 001cc000 08:01 12327805                   /home/webwerks1/.gradle/wrapper/dists/gradle-2.10-all/a4w5fzrkeut1ox71xslb49gst/gradle-2.10/lib/ant-1.9.3.jar
7f4260020000-7f4260023000 ---p 00000000 00:00 0 
7f4260023000-7f4260121000 rw-p 00000000 00:00 0 
7f4260121000-7f4260124000 ---p 00000000 00:00 0 
7f4260124000-7f4260222000 rw-p 00000000 00:00 0 
7f4260222000-7f4260223000 ---p 00000000 00:00 0 
7f4260223000-7f4260cbb000 rw-p 00000000 00:00 0 
7f4260cbb000-7f4260e88000 r--s 03bec000 08:01 3408976                    /home/webwerks1/Downloads/android-studio/jre/jre/lib/rt.jar
7f4260e88000-7f42649fe000 rw-p 00000000 00:00 0 
7f42649fe000-7f42649ff000 ---p 00000000 00:00 0 
7f42649ff000-7f4264b44000 rw-p 00000000 00:00 0 
7f4264b44000-7f4264cff000 ---p 00000000 00:00 0 
7f4264cff000-7f4264d44000 rw-p 00000000 00:00 0 
7f4264d44000-7f4264eff000 ---p 00000000 00:00 0 
7f4264eff000-7f4264fac000 rw-p 00000000 00:00 0 
7f4264fac000-7f4264fff000 ---p 00000000 00:00 0 
7f4264fff000-7f4265000000 rw-p 00000000 00:00 0 
7f4265000000-7f42662a0000 rwxp 00000000 00:00 0 
7f42662a0000-7f4274000000 ---p 00000000 00:00 0 
7f4274000000-7f4274a83000 rw-p 00000000 00:00 0 
7f4274a83000-7f4278000000 ---p 00000000 00:00 0 
7f4278000000-7f4278001000 r--s 00002000 08:01 12327826                   /home/webwerks1/.gradle/wrapper/dists/gradle-2.10-all/a4w5fzrkeut1ox71xslb49gst/gradle-2.10/lib/native-platform-osx-i386-0.10.jar
7f4278001000-7f4278003000 r--s 00005000 08:01 12327794                   /home/webwerks1/.gradle/wrapper/dists/gradle-2.10-all/a4w5fzrkeut1ox71xslb49gst/gradle-2.10/lib/gradle-cli-2.10.jar
7f4278003000-7f4278004000 r--s 00007000 08:01 12327803                   /home/webwerks1/.gradle/wrapper/dists/gradle-2.10-all/a4w5fzrkeut1ox71xslb49gst/gradle-2.10/lib/gradle-model-groovy-2.10.jar
7f4278004000-7f4278006000 r--s 00005000 08:01 12327812                   /home/webwerks1/.gradle/wrapper/dists/gradle-2.10-all/a4w5fzrkeut1ox71xslb49gst/gradle-2.10/lib/gradle-base-services-groovy-2.10.jar
7f4278006000-7f4278014000 r--s 0007f000 08:01 12327806                   /home/webwerks1/.gradle/wrapper/dists/gradle-2.10-all/a4w5fzrkeut1ox71xslb49gst/gradle-2.10/lib/commons-collections-3.2.1.jar
7f4278014000-7f4278015000 ---p 00000000 00:00 0 
7f4278015000-7f4278160000 rw-p 00000000 00:00 0 
7f4278160000-7f42784d5000 ---p 00000000 00:00 0 
7f42784d5000-7f42784ef000 r-xp 00000000 08:01 3409003                    /home/webwerks1/Downloads/android-studio/jre/jre/lib/amd64/libzip.so
7f42784ef000-7f42786ef000 ---p 0001a000 08:01 3409003                    /home/webwerks1/Downloads/android-studio/jre/jre/lib/amd64/libzip.so
7f42786ef000-7f42786f0000 r--p 0001a000 08:01 3409003                    /home/webwerks1/Downloads/android-studio/jre/jre/lib/amd64/libzip.so
7f42786f0000-7f42786f1000 rw-p 0001b000 08:01 3409003                    /home/webwerks1/Downloads/android-studio/jre/jre/lib/amd64/libzip.so
7f42786f1000-7f42786fb000 r-xp 00000000 08:01 8917064                    /lib/x86_64-linux-gnu/libnss_files-2.19.so
7f42786fb000-7f42788fa000 ---p 0000a000 08:01 8917064                    /lib/x86_64-linux-gnu/libnss_files-2.19.so
7f42788fa000-7f42788fb000 r--p 00009000 08:01 8917064                    /lib/x86_64-linux-gnu/libnss_files-2.19.so
7f42788fb000-7f42788fc000 rw-p 0000a000 08:01 8917064                    /lib/x86_64-linux-gnu/libnss_files-2.19.so
7f42788fc000-7f4278907000 r-xp 00000000 08:01 8912994                    /lib/x86_64-linux-gnu/libnss_nis-2.19.so
7f4278907000-7f4278b06000 ---p 0000b000 08:01 8912994                    /lib/x86_64-linux-gnu/libnss_nis-2.19.so
7f4278b06000-7f4278b07000 r--p 0000a000 08:01 8912994                    /lib/x86_64-linux-gnu/libnss_nis-2.19.so
7f4278b07000-7f4278b08000 rw-p 0000b000 08:01 8912994                    /lib/x86_64-linux-gnu/libnss_nis-2.19.so
7f4278b08000-7f4278b1f000 r-xp 00000000 08:01 8912990                    /lib/x86_64-linux-gnu/libnsl-2.19.so
7f4278b1f000-7f4278d1e000 ---p 00017000 08:01 8912990                    /lib/x86_64-linux-gnu/libnsl-2.19.so
7f4278d1e000-7f4278d1f000 r--p 00016000 08:01 8912990                    /lib/x86_64-linux-gnu/libnsl-2.19.so
7f4278d1f000-7f4278d20000 rw-p 00017000 08:01 8912990                    /lib/x86_64-linux-gnu/libnsl-2.19.so
7f4278d20000-7f4278d22000 rw-p 00000000 00:00 0 
7f4278d22000-7f4278d2b000 r-xp 00000000 08:01 8912989                    /lib/x86_64-linux-gnu/libnss_compat-2.19.so
7f4278d2b000-7f4278f2a000 ---p 00009000 08:01 8912989                    /lib/x86_64-linux-gnu/libnss_compat-2.19.so
7f4278f2a000-7f4278f2b000 r--p 00008000 08:01 8912989                    /lib/x86_64-linux-gnu/libnss_compat-2.19.so
7f4278f2b000-7f4278f2c000 rw-p 00009000 08:01 8912989                    /lib/x86_64-linux-gnu/libnss_compat-2.19.so
7f4278f2c000-7f4278f59000 r-xp 00000000 08:01 3409013                    /home/webwerks1/Downloads/android-studio/jre/jre/lib/amd64/libjava.so
7f4278f59000-7f4279158000 ---p 0002d000 08:01 3409013                    /home/webwerks1/Downloads/android-studio/jre/jre/lib/amd64/libjava.so
7f4279158000-7f4279159000 r--p 0002c000 08:01 3409013                    /home/webwerks1/Downloads/android-studio/jre/jre/lib/amd64/libjava.so
7f4279159000-7f427915b000 rw-p 0002d000 08:01 3409013                    /home/webwerks1/Downloads/android-studio/jre/jre/lib/amd64/libjava.so
7f427915b000-7f427916b000 r-xp 00000000 08:01 3409029                    /home/webwerks1/Downloads/android-studio/jre/jre/lib/amd64/libverify.so
7f427916b000-7f427936a000 ---p 00010000 08:01 3409029                    /home/webwerks1/Downloads/android-studio/jre/jre/lib/amd64/libverify.so
7f427936a000-7f427936c000 r--p 0000f000 08:01 3409029                    /home/webwerks1/Downloads/android-studio/jre/jre/lib/amd64/libverify.so
7f427936c000-7f427936d000 rw-p 00011000 08:01 3409029                    /home/webwerks1/Downloads/android-studio/jre/jre/lib/amd64/libverify.so
7f427936d000-7f4279374000 r-xp 00000000 08:01 8912998                    /lib/x86_64-linux-gnu/librt-2.19.so
7f4279374000-7f4279573000 ---p 00007000 08:01 8912998                    /lib/x86_64-linux-gnu/librt-2.19.so
7f4279573000-7f4279574000 r--p 00006000 08:01 8912998                    /lib/x86_64-linux-gnu/librt-2.19.so
7f4279574000-7f4279575000 rw-p 00007000 08:01 8912998                    /lib/x86_64-linux-gnu/librt-2.19.so
7f4279575000-7f427967a000 r-xp 00000000 08:01 8912926                    /lib/x86_64-linux-gnu/libm-2.19.so
7f427967a000-7f4279879000 ---p 00105000 08:01 8912926                    /lib/x86_64-linux-gnu/libm-2.19.so
7f4279879000-7f427987a000 r--p 00104000 08:01 8912926                    /lib/x86_64-linux-gnu/libm-2.19.so
7f427987a000-7f427987b000 rw-p 00105000 08:01 8912926                    /lib/x86_64-linux-gnu/libm-2.19.so
7f427987b000-7f427a461000 r-xp 00000000 08:01 3409033                    /home/webwerks1/Downloads/android-studio/jre/jre/lib/amd64/server/libjvm.so
7f427a461000-7f427a661000 ---p 00be6000 08:01 3409033                    /home/webwerks1/Downloads/android-studio/jre/jre/lib/amd64/server/libjvm.so
7f427a661000-7f427a700000 r--p 00be6000 08:01 3409033                    /home/webwerks1/Downloads/android-studio/jre/jre/lib/amd64/server/libjvm.so
7f427a700000-7f427a729000 rw-p 00c85000 08:01 3409033                    /home/webwerks1/Downloads/android-studio/jre/jre/lib/amd64/server/libjvm.so
7f427a729000-7f427a76b000 rw-p 00000000 00:00 0 
7f427a76b000-7f427a784000 r-xp 00000000 08:01 8912991                    /lib/x86_64-linux-gnu/libpthread-2.19.so
7f427a784000-7f427a983000 ---p 00019000 08:01 8912991                    /lib/x86_64-linux-gnu/libpthread-2.19.so
7f427a983000-7f427a984000 r--p 00018000 08:01 8912991                    /lib/x86_64-linux-gnu/libpthread-2.19.so
7f427a984000-7f427a985000 rw-p 00019000 08:01 8912991                    /lib/x86_64-linux-gnu/libpthread-2.19.so
7f427a985000-7f427a989000 rw-p 00000000 00:00 0 
7f427a989000-7f427a98c000 r-xp 00000000 08:01 8912986                    /lib/x86_64-linux-gnu/libdl-2.19.so
7f427a98c000-7f427ab8b000 ---p 00003000 08:01 8912986                    /lib/x86_64-linux-gnu/libdl-2.19.so
7f427ab8b000-7f427ab8c000 r--p 00002000 08:01 8912986                    /lib/x86_64-linux-gnu/libdl-2.19.so
7f427ab8c000-7f427ab8d000 rw-p 00003000 08:01 8912986                    /lib/x86_64-linux-gnu/libdl-2.19.so
7f427ab8d000-7f427ad47000 r-xp 00000000 08:01 8912999                    /lib/x86_64-linux-gnu/libc-2.19.so
7f427ad47000-7f427af47000 ---p 001ba000 08:01 8912999                    /lib/x86_64-linux-gnu/libc-2.19.so
7f427af47000-7f427af4b000 r--p 001ba000 08:01 8912999                    /lib/x86_64-linux-gnu/libc-2.19.so
7f427af4b000-7f427af4d000 rw-p 001be000 08:01 8912999                    /lib/x86_64-linux-gnu/libc-2.19.so
7f427af4d000-7f427af52000 rw-p 00000000 00:00 0 
7f427af52000-7f427af68000 r-xp 00000000 08:01 3408893                    /home/webwerks1/Downloads/android-studio/jre/lib/amd64/jli/libjli.so
7f427af68000-7f427b167000 ---p 00016000 08:01 3408893                    /home/webwerks1/Downloads/android-studio/jre/lib/amd64/jli/libjli.so
7f427b167000-7f427b168000 r--p 00015000 08:01 3408893                    /home/webwerks1/Downloads/android-studio/jre/lib/amd64/jli/libjli.so
7f427b168000-7f427b169000 rw-p 00016000 08:01 3408893                    /home/webwerks1/Downloads/android-studio/jre/lib/amd64/jli/libjli.so
7f427b169000-7f427b18c000 r-xp 00000000 08:01 8912992                    /lib/x86_64-linux-gnu/ld-2.19.so
7f427b18c000-7f427b18d000 r--s 00000000 08:01 12327815                   /home/webwerks1/.gradle/wrapper/dists/gradle-2.10-all/a4w5fzrkeut1ox71xslb49gst/gradle-2.10/lib/gradle-docs-2.10.jar
7f427b18d000-7f427b18f000 r--s 00003000 08:01 12327817                   /home/webwerks1/.gradle/wrapper/dists/gradle-2.10-all/a4w5fzrkeut1ox71xslb49gst/gradle-2.10/lib/jcl-over-slf4j-1.7.10.jar
7f427b18f000-7f427b190000 r--s 00005000 08:01 12327816                   /home/webwerks1/.gradle/wrapper/dists/gradle-2.10-all/a4w5fzrkeut1ox71xslb49gst/gradle-2.10/lib/log4j-over-slf4j-1.7.10.jar
7f427b190000-7f427b191000 r--s 00000000 08:01 12327811                   /home/webwerks1/.gradle/wrapper/dists/gradle-2.10-all/a4w5fzrkeut1ox71xslb49gst/gradle-2.10/lib/javax.inject-1.jar
7f427b191000-7f427b194000 r--s 0001b000 08:01 12327810                   /home/webwerks1/.gradle/wrapper/dists/gradle-2.10-all/a4w5fzrkeut1ox71xslb49gst/gradle-2.10/lib/jarjar-1.3.jar
7f427b194000-7f427b196000 r--s 00000000 08:01 12327809                   /home/webwerks1/.gradle/wrapper/dists/gradle-2.10-all/a4w5fzrkeut1ox71xslb49gst/gradle-2.10/lib/jul-to-slf4j-1.7.10.jar
7f427b196000-7f427b197000 r--s 00000000 08:01 12327808                   /home/webwerks1/.gradle/wrapper/dists/gradle-2.10-all/a4w5fzrkeut1ox71xslb49gst/gradle-2.10/lib/jcip-annotations-1.0.jar
7f427b197000-7f427b19c000 r--s 00036000 08:01 12327804                   /home/webwerks1/.gradle/wrapper/dists/gradle-2.10-all/a4w5fzrkeut1ox71xslb49gst/gradle-2.10/lib/asm-all-5.0.3.jar
7f427b19c000-7f427b1a1000 r--s 00041000 08:01 12327800                   /home/webwerks1/.gradle/wrapper/dists/gradle-2.10-all/a4w5fzrkeut1ox71xslb49gst/gradle-2.10/lib/commons-lang-2.6.jar
7f427b1a1000-7f427b263000 rw-p 00000000 00:00 0 
7f427b263000-7f427b266000 ---p 00000000 00:00 0 
7f427b266000-7f427b368000 rw-p 00000000 00:00 0 
7f427b368000-7f427b36c000 r--s 00027000 08:01 12327807                   /home/webwerks1/.gradle/wrapper/dists/gradle-2.10-all/a4w5fzrkeut1ox71xslb49gst/gradle-2.10/lib/commons-io-2.2.jar
7f427b36c000-7f427b36d000 r--s 00007000 08:01 12327798                   /home/webwerks1/.gradle/wrapper/dists/gradle-2.10-all/a4w5fzrkeut1ox71xslb49gst/gradle-2.10/lib/slf4j-api-1.7.10.jar
7f427b36d000-7f427b36e000 r--s 00004000 08:01 12327824                   /home/webwerks1/.gradle/wrapper/dists/gradle-2.10-all/a4w5fzrkeut1ox71xslb49gst/gradle-2.10/lib/ant-launcher-1.9.3.jar
7f427b36e000-7f427b375000 r--s 00034000 08:01 12327792                   /home/webwerks1/.gradle/wrapper/dists/gradle-2.10-all/a4w5fzrkeut1ox71xslb49gst/gradle-2.10/lib/gradle-base-services-2.10.jar
7f427b375000-7f427b37f000 r--s 0004a000 08:01 12327790                   /home/webwerks1/.gradle/wrapper/dists/gradle-2.10-all/a4w5fzrkeut1ox71xslb49gst/gradle-2.10/lib/gradle-launcher-2.10.jar
7f427b37f000-7f427b387000 rw-s 00000000 08:01 15345861                   /tmp/hsperfdata_webwerks1/14141
7f427b387000-7f427b388000 rw-p 00000000 00:00 0 
7f427b388000-7f427b389000 r--p 00000000 00:00 0 
7f427b389000-7f427b38b000 rw-p 00000000 00:00 0 
7f427b38b000-7f427b38c000 r--p 00022000 08:01 8912992                    /lib/x86_64-linux-gnu/ld-2.19.so
7f427b38c000-7f427b38d000 rw-p 00023000 08:01 8912992                    /lib/x86_64-linux-gnu/ld-2.19.so
7f427b38d000-7f427b38e000 rw-p 00000000 00:00 0 
7fffca8d1000-7fffca8f2000 rw-p 00000000 00:00 0                          [stack]
7fffca9c0000-7fffca9c2000 r--p 00000000 00:00 0                          [vvar]
7fffca9c2000-7fffca9c4000 r-xp 00000000 00:00 0                          [vdso]
ffffffffff600000-ffffffffff601000 r-xp 00000000 00:00 0                  [vsyscall]

VM Arguments:
jvm_args: -Xmx1536m -Dfile.encoding=UTF-8 -Duser.country=IN -Duser.language=en -Duser.variant 
java_command: org.gradle.launcher.daemon.bootstrap.GradleDaemon 2.10
java_class_path (initial): /home/webwerks1/.gradle/wrapper/dists/gradle-2.10-all/a4w5fzrkeut1ox71xslb49gst/gradle-2.10/lib/gradle-launcher-2.10.jar
Launcher Type: SUN_STANDARD

Environment Variables:
JAVA_HOME=/usr/lib/jvm/java-8-oracle
PATH=/usr/local/sbin:/usr/local/bin:/usr/sbin:/usr/bin:/sbin:/bin:/usr/games:/usr/local/games:/usr/lib/jvm/java-8-oracle/bin:/usr/lib/jvm/java-8-oracle/db/bin:/usr/lib/jvm/java-8-oracle/jre/bin
LD_LIBRARY_PATH=/home/webwerks1/Downloads/android-studio/bin:
SHELL=/bin/bash
DISPLAY=:0

Signal Handlers:
SIGSEGV: [libjvm.so+0x9daac0], sa_mask[0]=11111111011111111101111111111110, sa_flags=SA_RESTART|SA_SIGINFO
SIGBUS: [libjvm.so+0x9daac0], sa_mask[0]=11111111011111111101111111111110, sa_flags=SA_RESTART|SA_SIGINFO
SIGFPE: [libjvm.so+0x840d90], sa_mask[0]=11111111011111111101111111111110, sa_flags=SA_RESTART|SA_SIGINFO
SIGPIPE: [libjvm.so+0x840d90], sa_mask[0]=11111111011111111101111111111110, sa_flags=SA_RESTART|SA_SIGINFO
SIGXFSZ: [libjvm.so+0x840d90], sa_mask[0]=11111111011111111101111111111110, sa_flags=SA_RESTART|SA_SIGINFO
SIGILL: [libjvm.so+0x840d90], sa_mask[0]=11111111011111111101111111111110, sa_flags=SA_RESTART|SA_SIGINFO
SIGUSR1: SIG_DFL, sa_mask[0]=00000000000000000000000000000000, sa_flags=none
SIGUSR2: [libjvm.so+0x840c60], sa_mask[0]=00100000000000000000000000000000, sa_flags=SA_RESTART|SA_SIGINFO
SIGHUP: [libjvm.so+0x840e50], sa_mask[0]=11111111011111111101111111111110, sa_flags=SA_RESTART|SA_SIGINFO
SIGINT: [libjvm.so+0x840e50], sa_mask[0]=11111111011111111101111111111110, sa_flags=SA_RESTART|SA_SIGINFO
SIGTERM: [libjvm.so+0x840e50], sa_mask[0]=11111111011111111101111111111110, sa_flags=SA_RESTART|SA_SIGINFO
SIGQUIT: [libjvm.so+0x840e50], sa_mask[0]=11111111011111111101111111111110, sa_flags=SA_RESTART|SA_SIGINFO


---------------  S Y S T E M  ---------------

OS:DISTRIB_ID=Ubuntu
DISTRIB_RELEASE=14.04
DISTRIB_CODENAME=trusty
DISTRIB_DESCRIPTION="Ubuntu 14.04.5 LTS"

uname:Linux 4.4.0-53-generic #74~14.04.1-Ubuntu SMP Fri Dec 2 03:43:31 UTC 2016 x86_64
libc:glibc 2.19 NPTL 2.19 
rlimit: STACK 8192k, CORE 0k, NPROC 63681, NOFILE 4096, AS infinity
load average:1.96 1.44 1.12

/proc/meminfo:
MemTotal:       16327072 kB
MemFree:         3893992 kB
MemAvailable:    8217596 kB
Buffers:          682956 kB
Cached:          4620788 kB
SwapCached:            0 kB
Active:          9374916 kB
Inactive:        2386780 kB
Active(anon):    6464996 kB
Inactive(anon):  1117676 kB
Active(file):    2909920 kB
Inactive(file):  1269104 kB
Unevictable:          48 kB
Mlocked:              48 kB
SwapTotal:      16669692 kB
SwapFree:       16669692 kB
Dirty:             15296 kB
Writeback:             0 kB
AnonPages:       6458128 kB
Mapped:          1098156 kB
Shmem:           1124724 kB
Slab:             522528 kB
SReclaimable:     480824 kB
SUnreclaim:        41704 kB
KernelStack:       15232 kB
PageTables:        58988 kB
NFS_Unstable:          0 kB
Bounce:                0 kB
WritebackTmp:          0 kB
CommitLimit:    24833228 kB
Committed_AS:   13304728 kB
VmallocTotal:   34359738367 kB
VmallocUsed:           0 kB
VmallocChunk:          0 kB
HardwareCorrupted:     0 kB
AnonHugePages:   4274176 kB
CmaTotal:              0 kB
CmaFree:               0 kB
HugePages_Total:       0
HugePages_Free:        0
HugePages_Rsvd:        0
HugePages_Surp:        0
Hugepagesize:       2048 kB
DirectMap4k:      123328 kB
DirectMap2M:    16547840 kB


CPU:total 2 (2 cores per cpu, 1 threads per core) family 6 model 58 stepping 9, cmov, cx8, fxsr, mmx, sse, sse2, sse3, ssse3, sse4.1, sse4.2, popcnt, clmul, erms, tsc, tscinvbit, tscinv

/proc/cpuinfo:
processor	: 0
vendor_id	: GenuineIntel
cpu family	: 6
model		: 58
model name	: Intel(R) Pentium(R) CPU G2020 @ 2.90GHz
stepping	: 9
microcode	: 0x16
cpu MHz		: 2900.000
cache size	: 3072 KB
physical id	: 0
siblings	: 2
core id		: 0
cpu cores	: 2
apicid		: 0
initial apicid	: 0
fpu		: yes
fpu_exception	: yes
cpuid level	: 13
wp		: yes
flags		: fpu vme de pse tsc msr pae mce cx8 apic sep mtrr pge mca cmov pat pse36 clflush dts acpi mmx fxsr sse sse2 ss ht tm pbe syscall nx rdtscp lm constant_tsc arch_perfmon pebs bts rep_good nopl xtopology nonstop_tsc aperfmperf eagerfpu pni pclmulqdq dtes64 monitor ds_cpl vmx est tm2 ssse3 cx16 xtpr pdcm pcid sse4_1 sse4_2 popcnt tsc_deadline_timer xsave lahf_lm epb tpr_shadow vnmi flexpriority ept vpid fsgsbase smep erms xsaveopt dtherm arat pln pts
bugs		:
bogomips	: 5786.94
clflush size	: 64
cache_alignment	: 64
address sizes	: 36 bits physical, 48 bits virtual
power management:

processor	: 1
vendor_id	: GenuineIntel
cpu family	: 6
model		: 58
model name	: Intel(R) Pentium(R) CPU G2020 @ 2.90GHz
stepping	: 9
microcode	: 0x16
cpu MHz		: 2900.000
cache size	: 3072 KB
physical id	: 0
siblings	: 2
core id		: 1
cpu cores	: 2
apicid		: 2
initial apicid	: 2
fpu		: yes
fpu_exception	: yes
cpuid level	: 13
wp		: yes
flags		: fpu vme de pse tsc msr pae mce cx8 apic sep mtrr pge mca cmov pat pse36 clflush dts acpi mmx fxsr sse sse2 ss ht tm pbe syscall nx rdtscp lm constant_tsc arch_perfmon pebs bts rep_good nopl xtopology nonstop_tsc aperfmperf eagerfpu pni pclmulqdq dtes64 monitor ds_cpl vmx est tm2 ssse3 cx16 xtpr pdcm pcid sse4_1 sse4_2 popcnt tsc_deadline_timer xsave lahf_lm epb tpr_shadow vnmi flexpriority ept vpid fsgsbase smep erms xsaveopt dtherm arat pln pts
bugs		:
bogomips	: 5786.94
clflush size	: 64
cache_alignment	: 64
address sizes	: 36 bits physical, 48 bits virtual
power management:



Memory: 4k page, physical 16327072k(3893992k free), swap 16669692k(16669692k free)

vm_info: OpenJDK 64-Bit Server VM (25.76-b03) for linux-amd64 JRE (1.8.0_76-release-b03), built on Jun 29 2016 09:39:19 by "builder" with gcc 4.8.4

time: Fri Dec  9 17:17:48 2016
elapsed time: 126 seconds (0d 0h 2m 6s)

